[19-Dec-2025 19:22:05 UTC] TPO Debug Logger activated. 2025-12-19 19:22:05
[19-Dec-2025 19:22:40 UTC] TPO Debug Logger activated. 2025-12-19 19:22:40
[19-Dec-2025 19:22:46 UTC] TPO Debug Logger activated. 2025-12-19 19:22:46
[19-Dec-2025 19:22:46 UTC] TPO Debug Logger activated. 2025-12-19 19:22:46
[19-Dec-2025 19:22:59 UTC] TPO Debug Logger activated. 2025-12-19 19:22:59
[19-Dec-2025 19:23:28 UTC] TPO Debug Logger activated. 2025-12-19 19:23:28
[19-Dec-2025 19:23:38 UTC] TPO Debug Logger activated. 2025-12-19 19:23:38
[19-Dec-2025 19:23:39 UTC] TPO Debug Logger activated. 2025-12-19 19:23:39
[19-Dec-2025 19:23:57 UTC] TPO Debug Logger activated. 2025-12-19 19:23:57
[19-Dec-2025 19:23:58 UTC] TPO Debug Logger activated. 2025-12-19 19:23:58
[19-Dec-2025 19:23:58 UTC] TPO Debug Logger activated. 2025-12-19 19:23:58
[19-Dec-2025 19:24:43 UTC] TPO Debug Logger activated. 2025-12-19 19:24:43
[19-Dec-2025 19:24:54 UTC] TPO Debug Logger activated. 2025-12-19 19:24:54
[19-Dec-2025 19:24:54 UTC] TPO Debug Logger activated. 2025-12-19 19:24:54
[19-Dec-2025 19:25:29 UTC] TPO Debug Logger activated. 2025-12-19 19:25:29
[19-Dec-2025 19:25:33 UTC] TPO Debug Logger activated. 2025-12-19 19:25:33
[19-Dec-2025 19:25:50 UTC] TPO Debug Logger activated. 2025-12-19 19:25:50
[19-Dec-2025 19:25:50 UTC] TPO Debug Logger activated. 2025-12-19 19:25:50
[19-Dec-2025 19:25:55 UTC] TPO Debug Logger activated. 2025-12-19 19:25:55
[19-Dec-2025 19:26:23 UTC] TPO Debug Logger activated. 2025-12-19 19:26:23
[19-Dec-2025 19:26:26 UTC] TPO Debug Logger activated. 2025-12-19 19:26:26
[19-Dec-2025 19:26:28 UTC] TPO Debug Logger activated. 2025-12-19 19:26:28
[19-Dec-2025 19:26:31 UTC] TPO Debug Logger activated. 2025-12-19 19:26:31
[19-Dec-2025 19:26:33 UTC] TPO Debug Logger activated. 2025-12-19 19:26:33
[19-Dec-2025 19:26:35 UTC] TPO Debug Logger activated. 2025-12-19 19:26:35
[19-Dec-2025 19:26:39 UTC] TPO Debug Logger activated. 2025-12-19 19:26:39
[19-Dec-2025 19:26:42 UTC] TPO Debug Logger activated. 2025-12-19 19:26:42
[19-Dec-2025 19:26:46 UTC] TPO Debug Logger activated. 2025-12-19 19:26:46
[19-Dec-2025 19:26:47 UTC] TPO Debug Logger activated. 2025-12-19 19:26:47
[19-Dec-2025 19:26:49 UTC] TPO Debug Logger activated. 2025-12-19 19:26:49
[19-Dec-2025 19:26:51 UTC] TPO Debug Logger activated. 2025-12-19 19:26:51
[19-Dec-2025 19:26:54 UTC] TPO Debug Logger activated. 2025-12-19 19:26:54
[19-Dec-2025 19:26:56 UTC] TPO Debug Logger activated. 2025-12-19 19:26:56
[19-Dec-2025 19:26:59 UTC] TPO Debug Logger activated. 2025-12-19 19:26:59
[19-Dec-2025 19:27:02 UTC] TPO Debug Logger activated. 2025-12-19 19:27:02
[19-Dec-2025 19:27:05 UTC] TPO Debug Logger activated. 2025-12-19 19:27:05
[19-Dec-2025 19:27:08 UTC] TPO Debug Logger activated. 2025-12-19 19:27:08
[19-Dec-2025 19:27:10 UTC] TPO Debug Logger activated. 2025-12-19 19:27:10
[19-Dec-2025 19:27:12 UTC] TPO Debug Logger activated. 2025-12-19 19:27:12
[19-Dec-2025 19:27:14 UTC] TPO Debug Logger activated. 2025-12-19 19:27:14
[19-Dec-2025 19:27:15 UTC] TPO Debug Logger activated. 2025-12-19 19:27:15
[19-Dec-2025 19:27:17 UTC] TPO Debug Logger activated. 2025-12-19 19:27:17
[19-Dec-2025 19:27:19 UTC] TPO Debug Logger activated. 2025-12-19 19:27:19
[19-Dec-2025 19:27:21 UTC] TPO Debug Logger activated. 2025-12-19 19:27:21
[19-Dec-2025 19:27:24 UTC] TPO Debug Logger activated. 2025-12-19 19:27:24
[19-Dec-2025 19:27:26 UTC] TPO Debug Logger activated. 2025-12-19 19:27:26
[19-Dec-2025 19:27:28 UTC] TPO Debug Logger activated. 2025-12-19 19:27:28
[19-Dec-2025 19:27:29 UTC] TPO Debug Logger activated. 2025-12-19 19:27:29
[19-Dec-2025 19:27:32 UTC] TPO Debug Logger activated. 2025-12-19 19:27:32
[19-Dec-2025 19:27:34 UTC] TPO Debug Logger activated. 2025-12-19 19:27:34
[19-Dec-2025 19:27:36 UTC] TPO Debug Logger activated. 2025-12-19 19:27:36
[19-Dec-2025 19:27:38 UTC] TPO Debug Logger activated. 2025-12-19 19:27:38
[19-Dec-2025 19:27:40 UTC] TPO Debug Logger activated. 2025-12-19 19:27:40
[19-Dec-2025 19:27:42 UTC] TPO Debug Logger activated. 2025-12-19 19:27:42
[19-Dec-2025 19:27:44 UTC] TPO Debug Logger activated. 2025-12-19 19:27:44
[19-Dec-2025 19:27:45 UTC] TPO Debug Logger activated. 2025-12-19 19:27:45
[19-Dec-2025 19:27:45 UTC] TPO Debug Logger activated. 2025-12-19 19:27:45
[19-Dec-2025 19:27:47 UTC] TPO Debug Logger activated. 2025-12-19 19:27:47
[19-Dec-2025 19:27:48 UTC] TPO Debug Logger activated. 2025-12-19 19:27:48
[19-Dec-2025 19:27:49 UTC] TPO Debug Logger activated. 2025-12-19 19:27:49
[19-Dec-2025 19:27:50 UTC] TPO Debug Logger activated. 2025-12-19 19:27:50
[19-Dec-2025 19:27:51 UTC] TPO Debug Logger activated. 2025-12-19 19:27:51
[19-Dec-2025 19:27:52 UTC] TPO Debug Logger activated. 2025-12-19 19:27:52
[19-Dec-2025 19:27:53 UTC] TPO Debug Logger activated. 2025-12-19 19:27:53
[19-Dec-2025 19:27:54 UTC] TPO Debug Logger activated. 2025-12-19 19:27:54
[19-Dec-2025 19:27:55 UTC] TPO Debug Logger activated. 2025-12-19 19:27:55
[19-Dec-2025 19:27:56 UTC] TPO Debug Logger activated. 2025-12-19 19:27:56
[19-Dec-2025 19:27:57 UTC] TPO Debug Logger activated. 2025-12-19 19:27:57
[19-Dec-2025 19:27:59 UTC] TPO Debug Logger activated. 2025-12-19 19:27:59
[19-Dec-2025 19:27:59 UTC] TPO Debug Logger activated. 2025-12-19 19:27:59
[19-Dec-2025 19:28:01 UTC] TPO Debug Logger activated. 2025-12-19 19:28:01
[19-Dec-2025 19:28:03 UTC] TPO Debug Logger activated. 2025-12-19 19:28:03
[19-Dec-2025 19:28:05 UTC] TPO Debug Logger activated. 2025-12-19 19:28:05
[19-Dec-2025 19:28:23 UTC] TPO Debug Logger activated. 2025-12-19 19:28:23
[19-Dec-2025 19:28:25 UTC] TPO Debug Logger activated. 2025-12-19 19:28:25
[19-Dec-2025 19:28:26 UTC] TPO Debug Logger activated. 2025-12-19 19:28:26
[19-Dec-2025 19:28:27 UTC] TPO Debug Logger activated. 2025-12-19 19:28:27
[19-Dec-2025 19:28:28 UTC] TPO Debug Logger activated. 2025-12-19 19:28:28
[19-Dec-2025 19:28:29 UTC] TPO Debug Logger activated. 2025-12-19 19:28:29
[19-Dec-2025 19:28:31 UTC] TPO Debug Logger activated. 2025-12-19 19:28:31
[19-Dec-2025 19:28:31 UTC] TPO Debug Logger activated. 2025-12-19 19:28:31
[19-Dec-2025 19:28:35 UTC] TPO Debug Logger activated. 2025-12-19 19:28:35
[19-Dec-2025 19:28:35 UTC] TPO Debug Logger activated. 2025-12-19 19:28:35
[19-Dec-2025 19:28:37 UTC] TPO Debug Logger activated. 2025-12-19 19:28:37
[19-Dec-2025 19:28:39 UTC] TPO Debug Logger activated. 2025-12-19 19:28:39
[19-Dec-2025 19:28:40 UTC] TPO Debug Logger activated. 2025-12-19 19:28:40
[19-Dec-2025 19:28:40 UTC] TPO Debug Logger activated. 2025-12-19 19:28:40
[19-Dec-2025 19:28:42 UTC] TPO Debug Logger activated. 2025-12-19 19:28:42
[19-Dec-2025 19:28:43 UTC] TPO Debug Logger activated. 2025-12-19 19:28:43
[19-Dec-2025 19:28:45 UTC] TPO Debug Logger activated. 2025-12-19 19:28:45
[19-Dec-2025 19:28:45 UTC] TPO Debug Logger activated. 2025-12-19 19:28:45
[19-Dec-2025 19:28:47 UTC] TPO Debug Logger activated. 2025-12-19 19:28:47
[19-Dec-2025 19:28:48 UTC] TPO Debug Logger activated. 2025-12-19 19:28:48
[19-Dec-2025 19:28:49 UTC] TPO Debug Logger activated. 2025-12-19 19:28:49
[19-Dec-2025 19:28:50 UTC] TPO Debug Logger activated. 2025-12-19 19:28:50
[19-Dec-2025 19:28:51 UTC] TPO Debug Logger activated. 2025-12-19 19:28:51
[19-Dec-2025 19:28:51 UTC] TPO Debug Logger activated. 2025-12-19 19:28:51
[19-Dec-2025 19:28:52 UTC] TPO Debug Logger activated. 2025-12-19 19:28:52
[19-Dec-2025 19:28:53 UTC] TPO Debug Logger activated. 2025-12-19 19:28:53
[19-Dec-2025 19:28:54 UTC] TPO Debug Logger activated. 2025-12-19 19:28:54
[19-Dec-2025 19:28:55 UTC] TPO Debug Logger activated. 2025-12-19 19:28:55
[19-Dec-2025 19:28:56 UTC] TPO Debug Logger activated. 2025-12-19 19:28:56
[19-Dec-2025 19:28:57 UTC] TPO Debug Logger activated. 2025-12-19 19:28:57
[19-Dec-2025 19:28:58 UTC] TPO Debug Logger activated. 2025-12-19 19:28:58
[19-Dec-2025 19:29:01 UTC] TPO Debug Logger activated. 2025-12-19 19:29:01
[19-Dec-2025 19:29:09 UTC] TPO Debug Logger activated. 2025-12-19 19:29:09
[19-Dec-2025 19:29:52 UTC] TPO Debug Logger activated. 2025-12-19 19:29:52
[19-Dec-2025 19:29:53 UTC] TPO Debug Logger activated. 2025-12-19 19:29:53
[19-Dec-2025 19:29:56 UTC] TPO Debug Logger activated. 2025-12-19 19:29:56
[19-Dec-2025 19:30:03 UTC] TPO Debug Logger activated. 2025-12-19 19:30:03
[19-Dec-2025 19:30:15 UTC] TPO Debug Logger activated. 2025-12-19 19:30:15
[19-Dec-2025 19:31:30 UTC] TPO Debug Logger activated. 2025-12-19 19:31:30
[19-Dec-2025 19:31:30 UTC] TPO Debug Logger activated. 2025-12-19 19:31:30
[19-Dec-2025 19:33:23 UTC] TPO Debug Logger activated. 2025-12-19 19:33:23
[19-Dec-2025 19:33:23 UTC] TPO Debug Logger activated. 2025-12-19 19:33:23
[19-Dec-2025 19:33:24 UTC] TPO Debug Logger activated. 2025-12-19 19:33:24
[19-Dec-2025 19:33:34 UTC] TPO Debug Logger activated. 2025-12-19 19:33:34
[19-Dec-2025 19:33:34 UTC] TPO Debug Logger activated. 2025-12-19 19:33:34
[19-Dec-2025 19:34:51 UTC] TPO Debug Logger activated. 2025-12-19 19:34:51
[19-Dec-2025 19:34:52 UTC] TPO Debug Logger activated. 2025-12-19 19:34:52
[19-Dec-2025 19:37:43 UTC] TPO Debug Logger activated. 2025-12-19 19:37:43
[19-Dec-2025 19:37:44 UTC] TPO Debug Logger activated. 2025-12-19 19:37:44
[19-Dec-2025 19:39:12 UTC] TPO Debug Logger activated. 2025-12-19 19:39:12
[19-Dec-2025 19:39:17 UTC] TPO Debug Logger activated. 2025-12-19 19:39:17
[19-Dec-2025 19:39:43 UTC] TPO Debug Logger activated. 2025-12-19 19:39:43
[19-Dec-2025 19:39:59 UTC] TPO Debug Logger activated. 2025-12-19 19:39:59
[19-Dec-2025 19:40:00 UTC] TPO Debug Logger activated. 2025-12-19 19:40:00
[19-Dec-2025 19:42:09 UTC] TPO Debug Logger activated. 2025-12-19 19:42:09
[19-Dec-2025 19:42:09 UTC] TPO Debug Logger activated. 2025-12-19 19:42:09
[19-Dec-2025 19:42:12 UTC] TPO Debug Logger activated. 2025-12-19 19:42:12
[19-Dec-2025 19:42:12 UTC] TPO Debug Logger activated. 2025-12-19 19:42:12
[19-Dec-2025 19:42:16 UTC] TPO Debug Logger activated. 2025-12-19 19:42:16
[19-Dec-2025 19:43:40 UTC] TPO Debug Logger activated. 2025-12-19 19:43:40
[19-Dec-2025 19:43:41 UTC] TPO Debug Logger activated. 2025-12-19 19:43:41
[19-Dec-2025 19:43:41 UTC] TPO Debug Logger activated. 2025-12-19 19:43:41
[19-Dec-2025 19:43:46 UTC] TPO Debug Logger activated. 2025-12-19 19:43:46
[19-Dec-2025 19:43:47 UTC] TPO Debug Logger activated. 2025-12-19 19:43:47
[19-Dec-2025 19:43:53 UTC] TPO Debug Logger activated. 2025-12-19 19:43:53
[19-Dec-2025 19:43:59 UTC] TPO Debug Logger activated. 2025-12-19 19:43:59
[19-Dec-2025 19:44:13 UTC] TPO Debug Logger activated. 2025-12-19 19:44:13
[19-Dec-2025 19:45:32 UTC] TPO Debug Logger activated. 2025-12-19 19:45:32
[19-Dec-2025 19:45:33 UTC] TPO Debug Logger activated. 2025-12-19 19:45:33
[19-Dec-2025 19:46:57 UTC] TPO Debug Logger activated. 2025-12-19 19:46:57
[19-Dec-2025 19:46:58 UTC] TPO Debug Logger activated. 2025-12-19 19:46:58
[19-Dec-2025 19:47:02 UTC] TPO Debug Logger activated. 2025-12-19 19:47:02
[19-Dec-2025 19:47:17 UTC] TPO Debug Logger activated. 2025-12-19 19:47:17
[19-Dec-2025 19:47:18 UTC] TPO Debug Logger activated. 2025-12-19 19:47:18
[19-Dec-2025 19:47:53 UTC] TPO Debug Logger activated. 2025-12-19 19:47:53
[19-Dec-2025 19:47:54 UTC] TPO Debug Logger activated. 2025-12-19 19:47:54
[19-Dec-2025 19:48:31 UTC] TPO Debug Logger activated. 2025-12-19 19:48:31
[19-Dec-2025 19:48:49 UTC] TPO Debug Logger activated. 2025-12-19 19:48:49
[19-Dec-2025 19:48:49 UTC] TPO Debug Logger activated. 2025-12-19 19:48:49
[19-Dec-2025 19:48:57 UTC] TPO Debug Logger activated. 2025-12-19 19:48:57
[19-Dec-2025 19:49:16 UTC] TPO Debug Logger activated. 2025-12-19 19:49:16
[19-Dec-2025 19:49:20 UTC] TPO Debug Logger activated. 2025-12-19 19:49:20
[19-Dec-2025 19:49:25 UTC] TPO Debug Logger activated. 2025-12-19 19:49:25
[19-Dec-2025 19:49:25 UTC] TPO Debug Logger activated. 2025-12-19 19:49:25
[19-Dec-2025 19:50:11 UTC] TPO Debug Logger activated. 2025-12-19 19:50:11
[19-Dec-2025 19:50:12 UTC] TPO Debug Logger activated. 2025-12-19 19:50:12
[19-Dec-2025 19:50:27 UTC] TPO Debug Logger activated. 2025-12-19 19:50:27
[19-Dec-2025 19:51:13 UTC] TPO Debug Logger activated. 2025-12-19 19:51:13
[19-Dec-2025 19:51:14 UTC] TPO Debug Logger activated. 2025-12-19 19:51:14
[19-Dec-2025 19:51:34 UTC] TPO Debug Logger activated. 2025-12-19 19:51:34
[19-Dec-2025 19:52:02 UTC] TPO Debug Logger activated. 2025-12-19 19:52:02
[19-Dec-2025 19:52:02 UTC] TPO Debug Logger activated. 2025-12-19 19:52:02
[19-Dec-2025 19:52:47 UTC] TPO Debug Logger activated. 2025-12-19 19:52:47
[19-Dec-2025 19:52:48 UTC] TPO Debug Logger activated. 2025-12-19 19:52:48
[19-Dec-2025 19:53:24 UTC] TPO Debug Logger activated. 2025-12-19 19:53:24
[19-Dec-2025 19:53:51 UTC] TPO Debug Logger activated. 2025-12-19 19:53:51
[19-Dec-2025 19:53:51 UTC] TPO Debug Logger activated. 2025-12-19 19:53:51
[19-Dec-2025 19:54:33 UTC] TPO Debug Logger activated. 2025-12-19 19:54:33
[19-Dec-2025 19:54:42 UTC] TPO Debug Logger activated. 2025-12-19 19:54:42
[19-Dec-2025 19:55:09 UTC] TPO Debug Logger activated. 2025-12-19 19:55:09
[19-Dec-2025 19:55:10 UTC] TPO Debug Logger activated. 2025-12-19 19:55:10
[19-Dec-2025 19:55:14 UTC] TPO Debug Logger activated. 2025-12-19 19:55:14
[19-Dec-2025 19:55:26 UTC] TPO Debug Logger activated. 2025-12-19 19:55:26
[19-Dec-2025 19:56:14 UTC] TPO Debug Logger activated. 2025-12-19 19:56:14
[19-Dec-2025 19:56:15 UTC] TPO Debug Logger activated. 2025-12-19 19:56:15
[19-Dec-2025 19:56:41 UTC] TPO Debug Logger activated. 2025-12-19 19:56:41
[19-Dec-2025 19:56:46 UTC] TPO Debug Logger activated. 2025-12-19 19:56:46
[19-Dec-2025 19:56:50 UTC] WordPress database error Unknown column 'taxonomy' in 'WHERE' for query DELETE FROM n1a5_terms WHERE taxonomy = 'pa_series'
[19-Dec-2025 19:56:51 UTC] TPO Debug Logger activated. 2025-12-19 19:56:51
[19-Dec-2025 19:56:55 UTC] TPO Debug Logger activated. 2025-12-19 19:56:55
[19-Dec-2025 19:57:38 UTC] TPO Debug Logger activated. 2025-12-19 19:57:38
[19-Dec-2025 19:57:41 UTC] TPO Debug Logger activated. 2025-12-19 19:57:41
[19-Dec-2025 19:57:52 UTC] TPO Debug Logger activated. 2025-12-19 19:57:52
[19-Dec-2025 19:57:52 UTC] TPO Debug Logger activated. 2025-12-19 19:57:52
[19-Dec-2025 19:57:56 UTC] TPO Debug Logger activated. 2025-12-19 19:57:56
[19-Dec-2025 19:57:58 UTC] TPO Debug Logger activated. 2025-12-19 19:57:58
[19-Dec-2025 19:58:00 UTC] TPO Debug Logger activated. 2025-12-19 19:58:00
[19-Dec-2025 19:58:03 UTC] TPO Debug Logger activated. 2025-12-19 19:58:03
[19-Dec-2025 19:58:04 UTC] TPO Debug Logger activated. 2025-12-19 19:58:04
[19-Dec-2025 19:59:18 UTC] TPO Debug Logger activated. 2025-12-19 19:59:18
[19-Dec-2025 19:59:19 UTC] TPO Debug Logger activated. 2025-12-19 19:59:19
[19-Dec-2025 19:59:42 UTC] TPO Debug Logger activated. 2025-12-19 19:59:42
[19-Dec-2025 20:01:09 UTC] TPO Debug Logger activated. 2025-12-19 20:01:09
[19-Dec-2025 20:01:09 UTC] TPO Debug Logger activated. 2025-12-19 20:01:09
[19-Dec-2025 20:01:11 UTC] TPO Debug Logger activated. 2025-12-19 20:01:11
[19-Dec-2025 20:01:14 UTC] TPO Debug Logger activated. 2025-12-19 20:01:14
[19-Dec-2025 20:01:43 UTC] TPO Debug Logger activated. 2025-12-19 20:01:43
[19-Dec-2025 20:02:36 UTC] TPO Debug Logger activated. 2025-12-19 20:02:36
[19-Dec-2025 20:02:37 UTC] TPO Debug Logger activated. 2025-12-19 20:02:37
[19-Dec-2025 20:03:44 UTC] TPO Debug Logger activated. 2025-12-19 20:03:44
[19-Dec-2025 20:03:44 UTC] TPO Debug Logger activated. 2025-12-19 20:03:44
[19-Dec-2025 20:03:45 UTC] TPO Debug Logger activated. 2025-12-19 20:03:45
[19-Dec-2025 20:04:19 UTC] TPO Debug Logger activated. 2025-12-19 20:04:19
[19-Dec-2025 20:05:45 UTC] TPO Debug Logger activated. 2025-12-19 20:05:45
[19-Dec-2025 20:05:45 UTC] TPO Debug Logger activated. 2025-12-19 20:05:45
[19-Dec-2025 20:05:46 UTC] TPO Debug Logger activated. 2025-12-19 20:05:46
[19-Dec-2025 20:05:46 UTC] TPO Debug Logger activated. 2025-12-19 20:05:46
[19-Dec-2025 20:05:51 UTC] TPO Debug Logger activated. 2025-12-19 20:05:51
[19-Dec-2025 20:06:11 UTC] TPO Debug Logger activated. 2025-12-19 20:06:11
[19-Dec-2025 20:06:13 UTC] TPO Debug Logger activated. 2025-12-19 20:06:13
[19-Dec-2025 20:06:15 UTC] TPO Debug Logger activated. 2025-12-19 20:06:15
[19-Dec-2025 20:08:01 UTC] TPO Debug Logger activated. 2025-12-19 20:08:01
[19-Dec-2025 20:08:01 UTC] TPO Debug Logger activated. 2025-12-19 20:08:01
[19-Dec-2025 20:08:36 UTC] TPO Debug Logger activated. 2025-12-19 20:08:36
[19-Dec-2025 20:08:38 UTC] TPO Debug Logger activated. 2025-12-19 20:08:38
[19-Dec-2025 20:08:39 UTC] TPO Debug Logger activated. 2025-12-19 20:08:39
[19-Dec-2025 20:08:42 UTC] TPO Debug Logger activated. 2025-12-19 20:08:42
[19-Dec-2025 20:08:47 UTC] TPO Debug Logger activated. 2025-12-19 20:08:47
[19-Dec-2025 20:08:48 UTC] TPO Debug Logger activated. 2025-12-19 20:08:48
[19-Dec-2025 20:08:50 UTC] TPO Debug Logger activated. 2025-12-19 20:08:50
[19-Dec-2025 20:08:52 UTC] TPO Debug Logger activated. 2025-12-19 20:08:52
[19-Dec-2025 20:08:55 UTC] TPO Debug Logger activated. 2025-12-19 20:08:55
[19-Dec-2025 20:08:57 UTC] TPO Debug Logger activated. 2025-12-19 20:08:57
[19-Dec-2025 20:09:00 UTC] TPO Debug Logger activated. 2025-12-19 20:09:00
[19-Dec-2025 20:09:04 UTC] TPO Debug Logger activated. 2025-12-19 20:09:04
[19-Dec-2025 20:09:37 UTC] TPO Debug Logger activated. 2025-12-19 20:09:37
[19-Dec-2025 20:09:40 UTC] TPO Debug Logger activated. 2025-12-19 20:09:40
[19-Dec-2025 20:09:40 UTC] TPO Debug Logger activated. 2025-12-19 20:09:40
[19-Dec-2025 20:09:44 UTC] TPO Debug Logger activated. 2025-12-19 20:09:44
[19-Dec-2025 20:09:49 UTC] TPO Debug Logger activated. 2025-12-19 20:09:49
[19-Dec-2025 20:09:49 UTC] TPO Debug Logger activated. 2025-12-19 20:09:49
[19-Dec-2025 20:10:08 UTC] TPO Debug Logger activated. 2025-12-19 20:10:08
[19-Dec-2025 20:10:10 UTC] TPO Debug Logger activated. 2025-12-19 20:10:10
[19-Dec-2025 20:10:12 UTC] TPO Debug Logger activated. 2025-12-19 20:10:12
[19-Dec-2025 20:10:12 UTC] TPO Debug Logger activated. 2025-12-19 20:10:12
[19-Dec-2025 20:10:14 UTC] TPO Debug Logger activated. 2025-12-19 20:10:14
[19-Dec-2025 20:10:16 UTC] TPO Debug Logger activated. 2025-12-19 20:10:16
[19-Dec-2025 20:10:20 UTC] TPO Debug Logger activated. 2025-12-19 20:10:20
[19-Dec-2025 20:10:26 UTC] TPO Debug Logger activated. 2025-12-19 20:10:26
[19-Dec-2025 20:10:48 UTC] TPO Debug Logger activated. 2025-12-19 20:10:48
[19-Dec-2025 20:10:49 UTC] TPO Debug Logger activated. 2025-12-19 20:10:49
[19-Dec-2025 20:11:09 UTC] TPO Debug Logger activated. 2025-12-19 20:11:09
[19-Dec-2025 20:11:28 UTC] TPO Debug Logger activated. 2025-12-19 20:11:28
[19-Dec-2025 20:11:29 UTC] TPO Debug Logger activated. 2025-12-19 20:11:29
[19-Dec-2025 20:11:30 UTC] TPO Debug Logger activated. 2025-12-19 20:11:30
[19-Dec-2025 20:11:41 UTC] TPO Debug Logger activated. 2025-12-19 20:11:41
[19-Dec-2025 20:11:46 UTC] TPO Debug Logger activated. 2025-12-19 20:11:46
[19-Dec-2025 20:11:47 UTC] TPO Debug Logger activated. 2025-12-19 20:11:47
[19-Dec-2025 20:12:03 UTC] TPO Debug Logger activated. 2025-12-19 20:12:03
[19-Dec-2025 20:12:19 UTC] TPO Debug Logger activated. 2025-12-19 20:12:19
[19-Dec-2025 20:12:35 UTC] TPO Debug Logger activated. 2025-12-19 20:12:35
[19-Dec-2025 20:12:50 UTC] TPO Debug Logger activated. 2025-12-19 20:12:50
[19-Dec-2025 20:12:50 UTC] TPO Debug Logger activated. 2025-12-19 20:12:50
[19-Dec-2025 20:13:03 UTC] TPO Debug Logger activated. 2025-12-19 20:13:03
[19-Dec-2025 20:13:15 UTC] TPO Debug Logger activated. 2025-12-19 20:13:15
[19-Dec-2025 20:13:26 UTC] TPO Debug Logger activated. 2025-12-19 20:13:26
[19-Dec-2025 20:13:36 UTC] TPO Debug Logger activated. 2025-12-19 20:13:36
[19-Dec-2025 20:13:42 UTC] TPO Debug Logger activated. 2025-12-19 20:13:42
[19-Dec-2025 20:13:45 UTC] TPO Debug Logger activated. 2025-12-19 20:13:45
[19-Dec-2025 20:13:46 UTC] TPO Debug Logger activated. 2025-12-19 20:13:46
[19-Dec-2025 20:13:54 UTC] TPO Debug Logger activated. 2025-12-19 20:13:54
[19-Dec-2025 20:14:01 UTC] TPO Debug Logger activated. 2025-12-19 20:14:01
[19-Dec-2025 20:14:08 UTC] TPO Debug Logger activated. 2025-12-19 20:14:08
[19-Dec-2025 20:14:13 UTC] TPO Debug Logger activated. 2025-12-19 20:14:13
[19-Dec-2025 20:14:18 UTC] TPO Debug Logger activated. 2025-12-19 20:14:18
[19-Dec-2025 20:14:21 UTC] TPO Debug Logger activated. 2025-12-19 20:14:21
[19-Dec-2025 20:14:24 UTC] TPO Debug Logger activated. 2025-12-19 20:14:24
[19-Dec-2025 20:14:25 UTC] TPO Debug Logger activated. 2025-12-19 20:14:25
[19-Dec-2025 20:14:28 UTC] TPO Debug Logger activated. 2025-12-19 20:14:28
[19-Dec-2025 20:14:31 UTC] TPO Debug Logger activated. 2025-12-19 20:14:31
[19-Dec-2025 20:14:33 UTC] TPO Debug Logger activated. 2025-12-19 20:14:33
[19-Dec-2025 20:14:35 UTC] TPO Debug Logger activated. 2025-12-19 20:14:35
[19-Dec-2025 20:14:37 UTC] TPO Debug Logger activated. 2025-12-19 20:14:37
[19-Dec-2025 20:14:39 UTC] TPO Debug Logger activated. 2025-12-19 20:14:39
[19-Dec-2025 20:14:42 UTC] TPO Debug Logger activated. 2025-12-19 20:14:42
[19-Dec-2025 20:14:44 UTC] TPO Debug Logger activated. 2025-12-19 20:14:44
[19-Dec-2025 20:14:46 UTC] TPO Debug Logger activated. 2025-12-19 20:14:46
[19-Dec-2025 20:14:46 UTC] TPO Debug Logger activated. 2025-12-19 20:14:46
[19-Dec-2025 20:14:49 UTC] TPO Debug Logger activated. 2025-12-19 20:14:49
[19-Dec-2025 20:14:51 UTC] TPO Debug Logger activated. 2025-12-19 20:14:51
[19-Dec-2025 20:14:53 UTC] TPO Debug Logger activated. 2025-12-19 20:14:53
[19-Dec-2025 20:14:56 UTC] TPO Debug Logger activated. 2025-12-19 20:14:56
[19-Dec-2025 20:14:57 UTC] TPO Debug Logger activated. 2025-12-19 20:14:57
[19-Dec-2025 20:14:59 UTC] TPO Debug Logger activated. 2025-12-19 20:14:59
[19-Dec-2025 20:15:00 UTC] TPO Debug Logger activated. 2025-12-19 20:15:00
[19-Dec-2025 20:15:02 UTC] TPO Debug Logger activated. 2025-12-19 20:15:02
[19-Dec-2025 20:15:04 UTC] TPO Debug Logger activated. 2025-12-19 20:15:04
[19-Dec-2025 20:15:06 UTC] TPO Debug Logger activated. 2025-12-19 20:15:06
[19-Dec-2025 20:15:07 UTC] TPO Debug Logger activated. 2025-12-19 20:15:07
[19-Dec-2025 20:15:10 UTC] TPO Debug Logger activated. 2025-12-19 20:15:10
[19-Dec-2025 20:15:15 UTC] TPO Debug Logger activated. 2025-12-19 20:15:15
[19-Dec-2025 20:15:20 UTC] TPO Debug Logger activated. 2025-12-19 20:15:20
[19-Dec-2025 20:15:23 UTC] TPO Debug Logger activated. 2025-12-19 20:15:23
[19-Dec-2025 20:15:27 UTC] TPO Debug Logger activated. 2025-12-19 20:15:27
[19-Dec-2025 20:15:29 UTC] TPO Debug Logger activated. 2025-12-19 20:15:29
[19-Dec-2025 20:15:32 UTC] TPO Debug Logger activated. 2025-12-19 20:15:32
[19-Dec-2025 20:15:34 UTC] TPO Debug Logger activated. 2025-12-19 20:15:34
[19-Dec-2025 20:15:36 UTC] TPO Debug Logger activated. 2025-12-19 20:15:36
[19-Dec-2025 20:15:37 UTC] TPO Debug Logger activated. 2025-12-19 20:15:37
[19-Dec-2025 20:15:39 UTC] TPO Debug Logger activated. 2025-12-19 20:15:39
[19-Dec-2025 20:15:39 UTC] TPO Debug Logger activated. 2025-12-19 20:15:39
[19-Dec-2025 20:15:41 UTC] TPO Debug Logger activated. 2025-12-19 20:15:41
[19-Dec-2025 20:15:42 UTC] TPO Debug Logger activated. 2025-12-19 20:15:42
[19-Dec-2025 20:15:43 UTC] TPO Debug Logger activated. 2025-12-19 20:15:43
[19-Dec-2025 20:15:43 UTC] TPO Debug Logger activated. 2025-12-19 20:15:43
[19-Dec-2025 20:15:43 UTC] TPO Debug Logger activated. 2025-12-19 20:15:43
[19-Dec-2025 20:15:45 UTC] TPO Debug Logger activated. 2025-12-19 20:15:45
[19-Dec-2025 20:15:45 UTC] TPO Debug Logger activated. 2025-12-19 20:15:45
[19-Dec-2025 20:15:46 UTC] TPO Debug Logger activated. 2025-12-19 20:15:46
[19-Dec-2025 20:15:47 UTC] TPO Debug Logger activated. 2025-12-19 20:15:47
[19-Dec-2025 20:15:48 UTC] TPO Debug Logger activated. 2025-12-19 20:15:48
[19-Dec-2025 20:15:49 UTC] TPO Debug Logger activated. 2025-12-19 20:15:49
[19-Dec-2025 20:15:51 UTC] TPO Debug Logger activated. 2025-12-19 20:15:51
[19-Dec-2025 20:15:52 UTC] TPO Debug Logger activated. 2025-12-19 20:15:52
[19-Dec-2025 20:15:54 UTC] TPO Debug Logger activated. 2025-12-19 20:15:54
[19-Dec-2025 20:15:55 UTC] TPO Debug Logger activated. 2025-12-19 20:15:55
[19-Dec-2025 20:15:59 UTC] TPO Debug Logger activated. 2025-12-19 20:15:59
[19-Dec-2025 20:16:02 UTC] TPO Debug Logger activated. 2025-12-19 20:16:02
[19-Dec-2025 20:16:05 UTC] TPO Debug Logger activated. 2025-12-19 20:16:05
[19-Dec-2025 20:16:07 UTC] TPO Debug Logger activated. 2025-12-19 20:16:07
[19-Dec-2025 20:16:10 UTC] TPO Debug Logger activated. 2025-12-19 20:16:10
[19-Dec-2025 20:16:12 UTC] TPO Debug Logger activated. 2025-12-19 20:16:12
[19-Dec-2025 20:16:17 UTC] TPO Debug Logger activated. 2025-12-19 20:16:17
[19-Dec-2025 20:16:19 UTC] TPO Debug Logger activated. 2025-12-19 20:16:19
[19-Dec-2025 20:16:22 UTC] TPO Debug Logger activated. 2025-12-19 20:16:22
[19-Dec-2025 20:16:24 UTC] TPO Debug Logger activated. 2025-12-19 20:16:24
[19-Dec-2025 20:16:26 UTC] TPO Debug Logger activated. 2025-12-19 20:16:26
[19-Dec-2025 20:16:27 UTC] TPO Debug Logger activated. 2025-12-19 20:16:27
[19-Dec-2025 20:16:29 UTC] TPO Debug Logger activated. 2025-12-19 20:16:29
[19-Dec-2025 20:16:30 UTC] TPO Debug Logger activated. 2025-12-19 20:16:30
[19-Dec-2025 20:16:31 UTC] TPO Debug Logger activated. 2025-12-19 20:16:31
[19-Dec-2025 20:16:32 UTC] TPO Debug Logger activated. 2025-12-19 20:16:32
[19-Dec-2025 20:16:33 UTC] TPO Debug Logger activated. 2025-12-19 20:16:33
[19-Dec-2025 20:16:34 UTC] TPO Debug Logger activated. 2025-12-19 20:16:34
[19-Dec-2025 20:16:35 UTC] TPO Debug Logger activated. 2025-12-19 20:16:35
[19-Dec-2025 20:16:36 UTC] TPO Debug Logger activated. 2025-12-19 20:16:36
[19-Dec-2025 20:16:38 UTC] TPO Debug Logger activated. 2025-12-19 20:16:38
[19-Dec-2025 20:16:39 UTC] TPO Debug Logger activated. 2025-12-19 20:16:39
[19-Dec-2025 20:16:40 UTC] TPO Debug Logger activated. 2025-12-19 20:16:40
[19-Dec-2025 20:16:41 UTC] TPO Debug Logger activated. 2025-12-19 20:16:41
[19-Dec-2025 20:17:44 UTC] TPO Debug Logger activated. 2025-12-19 20:17:44
[19-Dec-2025 20:17:44 UTC] TPO Debug Logger activated. 2025-12-19 20:17:44
[19-Dec-2025 20:17:46 UTC] TPO Debug Logger activated. 2025-12-19 20:17:46
[19-Dec-2025 20:22:58 UTC] TPO Debug Logger activated. 2025-12-19 20:22:58
[19-Dec-2025 20:22:58 UTC] TPO Debug Logger activated. 2025-12-19 20:22:58
[19-Dec-2025 20:22:59 UTC] TPO Debug Logger activated. 2025-12-19 20:22:59
[19-Dec-2025 20:22:59 UTC] TPO Debug Logger activated. 2025-12-19 20:22:59
[19-Dec-2025 20:23:00 UTC] TPO Debug Logger activated. 2025-12-19 20:23:00
[19-Dec-2025 20:25:42 UTC] TPO Debug Logger activated. 2025-12-19 20:25:42
[19-Dec-2025 20:25:43 UTC] TPO Debug Logger activated. 2025-12-19 20:25:43
[19-Dec-2025 20:25:44 UTC] TPO Debug Logger activated. 2025-12-19 20:25:44
[19-Dec-2025 20:26:13 UTC] TPO Debug Logger activated. 2025-12-19 20:26:13
[19-Dec-2025 20:26:14 UTC] TPO Debug Logger activated. 2025-12-19 20:26:14
[19-Dec-2025 20:26:22 UTC] TPO Debug Logger activated. 2025-12-19 20:26:22
[19-Dec-2025 20:26:30 UTC] TPO Debug Logger activated. 2025-12-19 20:26:30
[19-Dec-2025 20:26:31 UTC] TPO Debug Logger activated. 2025-12-19 20:26:31
[19-Dec-2025 20:26:38 UTC] TPO Debug Logger activated. 2025-12-19 20:26:38
[19-Dec-2025 20:26:52 UTC] TPO Debug Logger activated. 2025-12-19 20:26:52
[19-Dec-2025 20:26:52 UTC] TPO Debug Logger activated. 2025-12-19 20:26:52
[19-Dec-2025 20:26:53 UTC] TPO Debug Logger activated. 2025-12-19 20:26:53
[19-Dec-2025 20:26:53 UTC] TPO Debug Logger activated. 2025-12-19 20:26:53
[19-Dec-2025 20:27:24 UTC] TPO Debug Logger activated. 2025-12-19 20:27:24
[19-Dec-2025 20:27:28 UTC] TPO Debug Logger activated. 2025-12-19 20:27:28
[19-Dec-2025 20:27:33 UTC] TPO Debug Logger activated. 2025-12-19 20:27:33
[19-Dec-2025 20:27:38 UTC] TPO Debug Logger activated. 2025-12-19 20:27:38
[19-Dec-2025 20:28:17 UTC] TPO Debug Logger activated. 2025-12-19 20:28:17
[19-Dec-2025 20:28:18 UTC] TPO Debug Logger activated. 2025-12-19 20:28:18
[19-Dec-2025 20:29:29 UTC] TPO Debug Logger activated. 2025-12-19 20:29:29
[19-Dec-2025 20:29:30 UTC] TPO Debug Logger activated. 2025-12-19 20:29:30
[19-Dec-2025 20:30:11 UTC] TPO Debug Logger activated. 2025-12-19 20:30:11
[19-Dec-2025 20:30:12 UTC] TPO Debug Logger activated. 2025-12-19 20:30:12
[19-Dec-2025 20:31:46 UTC] TPO Debug Logger activated. 2025-12-19 20:31:46
[19-Dec-2025 20:31:46 UTC] TPO Debug Logger activated. 2025-12-19 20:31:46
[19-Dec-2025 20:31:46 UTC] TPO Debug Logger activated. 2025-12-19 20:31:46
[19-Dec-2025 20:31:50 UTC] TPO Debug Logger activated. 2025-12-19 20:31:50
[19-Dec-2025 20:31:55 UTC] TPO Debug Logger activated. 2025-12-19 20:31:55
[19-Dec-2025 20:31:59 UTC] TPO Debug Logger activated. 2025-12-19 20:31:59
[19-Dec-2025 20:32:48 UTC] TPO Debug Logger activated. 2025-12-19 20:32:48
[19-Dec-2025 20:32:49 UTC] TPO Debug Logger activated. 2025-12-19 20:32:49
[19-Dec-2025 20:34:30 UTC] TPO Debug Logger activated. 2025-12-19 20:34:30
[19-Dec-2025 20:34:30 UTC] TPO Debug Logger activated. 2025-12-19 20:34:30
[19-Dec-2025 20:34:53 UTC] TPO Debug Logger activated. 2025-12-19 20:34:53
[19-Dec-2025 20:34:54 UTC] TPO Debug Logger activated. 2025-12-19 20:34:54
[19-Dec-2025 20:36:09 UTC] TPO Debug Logger activated. 2025-12-19 20:36:09
[19-Dec-2025 20:36:10 UTC] TPO Debug Logger activated. 2025-12-19 20:36:10
[19-Dec-2025 20:36:10 UTC] TPO Debug Logger activated. 2025-12-19 20:36:10
[19-Dec-2025 20:37:41 UTC] TPO Debug Logger activated. 2025-12-19 20:37:41
[19-Dec-2025 20:37:42 UTC] TPO Debug Logger activated. 2025-12-19 20:37:42
[19-Dec-2025 20:38:29 UTC] TPO Debug Logger activated. 2025-12-19 20:38:29
[19-Dec-2025 20:38:30 UTC] TPO Debug Logger activated. 2025-12-19 20:38:30
[19-Dec-2025 20:38:39 UTC] TPO Debug Logger activated. 2025-12-19 20:38:39
[19-Dec-2025 20:38:43 UTC] TPO Debug Logger activated. 2025-12-19 20:38:43
[19-Dec-2025 20:39:20 UTC] TPO Debug Logger activated. 2025-12-19 20:39:20
[19-Dec-2025 20:39:21 UTC] TPO Debug Logger activated. 2025-12-19 20:39:21
[19-Dec-2025 20:39:40 UTC] TPO Debug Logger activated. 2025-12-19 20:39:40
[19-Dec-2025 20:39:41 UTC] TPO Debug Logger activated. 2025-12-19 20:39:41
[19-Dec-2025 20:39:50 UTC] TPO Debug Logger activated. 2025-12-19 20:39:50
[19-Dec-2025 20:39:51 UTC] TPO Debug Logger activated. 2025-12-19 20:39:51
[19-Dec-2025 20:40:33 UTC] TPO Debug Logger activated. 2025-12-19 20:40:33
[19-Dec-2025 20:40:33 UTC] PHP Deprecated:  Using ${expr} (variable variables) in strings is deprecated, use {${expr}} instead in /home/f5t3lfykbikk/public_html/wp-content/mu-plugins/tpo-skin.php on line 151
[19-Dec-2025 20:40:33 UTC] PHP Deprecated:  Using ${expr} (variable variables) in strings is deprecated, use {${expr}} instead in /home/f5t3lfykbikk/public_html/wp-content/mu-plugins/tpo-skin.php on line 169
[19-Dec-2025 20:40:33 UTC] PHP Deprecated:  Using ${expr} (variable variables) in strings is deprecated, use {${expr}} instead in /home/f5t3lfykbikk/public_html/wp-content/mu-plugins/tpo-skin.php on line 169
[19-Dec-2025 20:40:33 UTC] PHP Deprecated:  Using ${expr} (variable variables) in strings is deprecated, use {${expr}} instead in /home/f5t3lfykbikk/public_html/wp-content/mu-plugins/tpo-skin.php on line 171
[19-Dec-2025 20:40:33 UTC] PHP Deprecated:  Using ${expr} (variable variables) in strings is deprecated, use {${expr}} instead in /home/f5t3lfykbikk/public_html/wp-content/mu-plugins/tpo-skin.php on line 171
[19-Dec-2025 20:40:33 UTC] PHP Deprecated:  Using ${expr} (variable variables) in strings is deprecated, use {${expr}} instead in /home/f5t3lfykbikk/public_html/wp-content/mu-plugins/tpo-skin.php on line 175
Uncaught exception: Undefined constant "item" in /home/f5t3lfykbikk/public_html/wp-content/mu-plugins/tpo-skin.php on line 169[19-Dec-2025 20:41:25 UTC] TPO Debug Logger activated. 2025-12-19 20:41:25
[19-Dec-2025 20:41:25 UTC] TPO Debug Logger activated. 2025-12-19 20:41:25
[19-Dec-2025 20:42:02 UTC] TPO Debug Logger activated. 2025-12-19 20:42:02
[19-Dec-2025 20:42:03 UTC] TPO Debug Logger activated. 2025-12-19 20:42:03
[19-Dec-2025 20:42:03 UTC] TPO Debug Logger activated. 2025-12-19 20:42:03
Uncaught exception: Undefined constant "item" in /home/f5t3lfykbikk/public_html/wp-content/mu-plugins/tpo-skin.php on line 169[19-Dec-2025 20:42:41 UTC] TPO Debug Logger activated. 2025-12-19 20:42:41
[19-Dec-2025 20:42:43 UTC] TPO Debug Logger activated. 2025-12-19 20:42:43
Uncaught exception: Undefined constant "item" in /home/f5t3lfykbikk/public_html/wp-content/mu-plugins/tpo-skin.php on line 169[19-Dec-2025 20:43:10 UTC] TPO Debug Logger activated. 2025-12-19 20:43:10
Uncaught exception: Undefined constant "item" in /home/f5t3lfykbikk/public_html/wp-content/mu-plugins/tpo-skin.php on line 169[19-Dec-2025 20:43:11 UTC] TPO Debug Logger activated. 2025-12-19 20:43:11
[19-Dec-2025 20:43:14 UTC] TPO Debug Logger activated. 2025-12-19 20:43:14
Uncaught exception: Undefined constant "item" in /home/f5t3lfykbikk/public_html/wp-content/mu-plugins/tpo-skin.php on line 169[19-Dec-2025 20:43:18 UTC] TPO Debug Logger activated. 2025-12-19 20:43:18
Uncaught exception: Undefined constant "item" in /home/f5t3lfykbikk/public_html/wp-content/mu-plugins/tpo-skin.php on line 169[19-Dec-2025 20:43:21 UTC] TPO Debug Logger activated. 2025-12-19 20:43:21
Uncaught exception: Undefined constant "item" in /home/f5t3lfykbikk/public_html/wp-content/mu-plugins/tpo-skin.php on line 169[19-Dec-2025 20:43:24 UTC] TPO Debug Logger activated. 2025-12-19 20:43:24
Uncaught exception: Undefined constant "item" in /home/f5t3lfykbikk/public_html/wp-content/mu-plugins/tpo-skin.php on line 169[19-Dec-2025 20:44:33 UTC] TPO Debug Logger activated. 2025-12-19 20:44:33
[19-Dec-2025 20:44:33 UTC] TPO Debug Logger activated. 2025-12-19 20:44:33
Uncaught exception: Undefined constant "item" in /home/f5t3lfykbikk/public_html/wp-content/mu-plugins/tpo-skin.php on line 169[19-Dec-2025 20:44:33 UTC] TPO Debug Logger activated. 2025-12-19 20:44:33
[19-Dec-2025 20:46:00 UTC] TPO Debug Logger activated. 2025-12-19 20:46:00
[19-Dec-2025 20:46:00 UTC] PHP Deprecated:  Using ${expr} (variable variables) in strings is deprecated, use {${expr}} instead in /home/f5t3lfykbikk/public_html/wp-content/mu-plugins/tpo-skin.php on line 151
[19-Dec-2025 20:46:00 UTC] PHP Deprecated:  Using ${expr} (variable variables) in strings is deprecated, use {${expr}} instead in /home/f5t3lfykbikk/public_html/wp-content/mu-plugins/tpo-skin.php on line 169
[19-Dec-2025 20:46:00 UTC] PHP Deprecated:  Using ${expr} (variable variables) in strings is deprecated, use {${expr}} instead in /home/f5t3lfykbikk/public_html/wp-content/mu-plugins/tpo-skin.php on line 169
[19-Dec-2025 20:46:00 UTC] PHP Deprecated:  Using ${expr} (variable variables) in strings is deprecated, use {${expr}} instead in /home/f5t3lfykbikk/public_html/wp-content/mu-plugins/tpo-skin.php on line 171
[19-Dec-2025 20:46:00 UTC] PHP Deprecated:  Using ${expr} (variable variables) in strings is deprecated, use {${expr}} instead in /home/f5t3lfykbikk/public_html/wp-content/mu-plugins/tpo-skin.php on line 171
[19-Dec-2025 20:46:00 UTC] PHP Deprecated:  Using ${expr} (variable variables) in strings is deprecated, use {${expr}} instead in /home/f5t3lfykbikk/public_html/wp-content/mu-plugins/tpo-skin.php on line 175
[19-Dec-2025 20:46:06 UTC] TPO Debug Logger activated. 2025-12-19 20:46:06
[19-Dec-2025 20:46:06 UTC] PHP Deprecated:  Using ${expr} (variable variables) in strings is deprecated, use {${expr}} instead in /home/f5t3lfykbikk/public_html/wp-content/mu-plugins/tpo-skin.php on line 151
[19-Dec-2025 20:46:06 UTC] PHP Deprecated:  Using ${expr} (variable variables) in strings is deprecated, use {${expr}} instead in /home/f5t3lfykbikk/public_html/wp-content/mu-plugins/tpo-skin.php on line 169
[19-Dec-2025 20:46:06 UTC] PHP Deprecated:  Using ${expr} (variable variables) in strings is deprecated, use {${expr}} instead in /home/f5t3lfykbikk/public_html/wp-content/mu-plugins/tpo-skin.php on line 169
[19-Dec-2025 20:46:06 UTC] PHP Deprecated:  Using ${expr} (variable variables) in strings is deprecated, use {${expr}} instead in /home/f5t3lfykbikk/public_html/wp-content/mu-plugins/tpo-skin.php on line 171
[19-Dec-2025 20:46:06 UTC] PHP Deprecated:  Using ${expr} (variable variables) in strings is deprecated, use {${expr}} instead in /home/f5t3lfykbikk/public_html/wp-content/mu-plugins/tpo-skin.php on line 171
[19-Dec-2025 20:46:06 UTC] PHP Deprecated:  Using ${expr} (variable variables) in strings is deprecated, use {${expr}} instead in /home/f5t3lfykbikk/public_html/wp-content/mu-plugins/tpo-skin.php on line 175
Uncaught exception: Undefined constant "item" in /home/f5t3lfykbikk/public_html/wp-content/mu-plugins/tpo-skin.php on line 169[19-Dec-2025 20:47:18 UTC] TPO Debug Logger activated. 2025-12-19 20:47:18
Uncaught exception: Undefined constant "item" in /home/f5t3lfykbikk/public_html/wp-content/mu-plugins/tpo-skin.php on line 169[19-Dec-2025 20:47:18 UTC] TPO Debug Logger activated. 2025-12-19 20:47:18
[19-Dec-2025 20:47:49 UTC] TPO Debug Logger activated. 2025-12-19 20:47:49
Uncaught exception: Undefined constant "item" in /home/f5t3lfykbikk/public_html/wp-content/mu-plugins/tpo-skin.php on line 169[19-Dec-2025 20:47:49 UTC] TPO Debug Logger activated. 2025-12-19 20:47:49
[19-Dec-2025 20:47:51 UTC] TPO Debug Logger activated. 2025-12-19 20:47:51
Uncaught exception: Undefined constant "item" in /home/f5t3lfykbikk/public_html/wp-content/mu-plugins/tpo-skin.php on line 169[19-Dec-2025 20:47:52 UTC] TPO Debug Logger activated. 2025-12-19 20:47:52
Uncaught exception: Undefined constant "item" in /home/f5t3lfykbikk/public_html/wp-content/mu-plugins/tpo-skin.php on line 169[19-Dec-2025 20:47:54 UTC] TPO Debug Logger activated. 2025-12-19 20:47:54
Uncaught exception: Undefined constant "item" in /home/f5t3lfykbikk/public_html/wp-content/mu-plugins/tpo-skin.php on line 169[19-Dec-2025 20:47:56 UTC] TPO Debug Logger activated. 2025-12-19 20:47:56
Uncaught exception: Undefined constant "item" in /home/f5t3lfykbikk/public_html/wp-content/mu-plugins/tpo-skin.php on line 169[19-Dec-2025 20:47:57 UTC] TPO Debug Logger activated. 2025-12-19 20:47:57
Uncaught exception: Undefined constant "item" in /home/f5t3lfykbikk/public_html/wp-content/mu-plugins/tpo-skin.php on line 169[19-Dec-2025 20:47:58 UTC] TPO Debug Logger activated. 2025-12-19 20:47:58
Uncaught exception: Undefined constant "item" in /home/f5t3lfykbikk/public_html/wp-content/mu-plugins/tpo-skin.php on line 169[19-Dec-2025 20:48:00 UTC] TPO Debug Logger activated. 2025-12-19 20:48:00
Uncaught exception: Undefined constant "item" in /home/f5t3lfykbikk/public_html/wp-content/mu-plugins/tpo-skin.php on line 169[19-Dec-2025 20:48:01 UTC] TPO Debug Logger activated. 2025-12-19 20:48:01
Uncaught exception: Undefined constant "item" in /home/f5t3lfykbikk/public_html/wp-content/mu-plugins/tpo-skin.php on line 169[19-Dec-2025 20:48:03 UTC] TPO Debug Logger activated. 2025-12-19 20:48:03
Uncaught exception: Undefined constant "item" in /home/f5t3lfykbikk/public_html/wp-content/mu-plugins/tpo-skin.php on line 169[19-Dec-2025 20:48:04 UTC] TPO Debug Logger activated. 2025-12-19 20:48:04
Uncaught exception: Undefined constant "item" in /home/f5t3lfykbikk/public_html/wp-content/mu-plugins/tpo-skin.php on line 169[19-Dec-2025 20:48:06 UTC] TPO Debug Logger activated. 2025-12-19 20:48:06
Uncaught exception: Undefined constant "item" in /home/f5t3lfykbikk/public_html/wp-content/mu-plugins/tpo-skin.php on line 169[19-Dec-2025 20:48:07 UTC] TPO Debug Logger activated. 2025-12-19 20:48:07
Uncaught exception: Undefined constant "item" in /home/f5t3lfykbikk/public_html/wp-content/mu-plugins/tpo-skin.php on line 169[19-Dec-2025 20:48:54 UTC] TPO Debug Logger activated. 2025-12-19 20:48:54
Uncaught exception: Undefined constant "item" in /home/f5t3lfykbikk/public_html/wp-content/mu-plugins/tpo-skin.php on line 169[19-Dec-2025 20:48:55 UTC] TPO Debug Logger activated. 2025-12-19 20:48:55
[19-Dec-2025 20:50:01 UTC] TPO Debug Logger activated. 2025-12-19 20:50:01
[19-Dec-2025 20:50:01 UTC] TPO Debug Logger activated. 2025-12-19 20:50:01
Uncaught exception: Undefined constant "item" in /home/f5t3lfykbikk/public_html/wp-content/mu-plugins/tpo-skin.php on line 169[19-Dec-2025 20:50:02 UTC] TPO Debug Logger activated. 2025-12-19 20:50:02
Uncaught exception: Undefined constant "item" in /home/f5t3lfykbikk/public_html/wp-content/mu-plugins/tpo-skin.php on line 169[19-Dec-2025 20:50:04 UTC] TPO Debug Logger activated. 2025-12-19 20:50:04
Uncaught exception: Undefined constant "item" in /home/f5t3lfykbikk/public_html/wp-content/mu-plugins/tpo-skin.php on line 169[19-Dec-2025 20:50:06 UTC] TPO Debug Logger activated. 2025-12-19 20:50:06
Uncaught exception: Undefined constant "item" in /home/f5t3lfykbikk/public_html/wp-content/mu-plugins/tpo-skin.php on line 169[19-Dec-2025 20:50:08 UTC] TPO Debug Logger activated. 2025-12-19 20:50:08
Uncaught exception: Undefined constant "item" in /home/f5t3lfykbikk/public_html/wp-content/mu-plugins/tpo-skin.php on line 169[19-Dec-2025 20:50:10 UTC] TPO Debug Logger activated. 2025-12-19 20:50:10
Uncaught exception: Undefined constant "item" in /home/f5t3lfykbikk/public_html/wp-content/mu-plugins/tpo-skin.php on line 169[19-Dec-2025 20:50:14 UTC] TPO Debug Logger activated. 2025-12-19 20:50:14
[19-Dec-2025 20:50:14 UTC] PHP Deprecated:  Using ${expr} (variable variables) in strings is deprecated, use {${expr}} instead in /home/f5t3lfykbikk/public_html/wp-content/mu-plugins/tpo-skin.php on line 151
[19-Dec-2025 20:50:14 UTC] PHP Deprecated:  Using ${expr} (variable variables) in strings is deprecated, use {${expr}} instead in /home/f5t3lfykbikk/public_html/wp-content/mu-plugins/tpo-skin.php on line 169
[19-Dec-2025 20:50:14 UTC] PHP Deprecated:  Using ${expr} (variable variables) in strings is deprecated, use {${expr}} instead in /home/f5t3lfykbikk/public_html/wp-content/mu-plugins/tpo-skin.php on line 169
[19-Dec-2025 20:50:14 UTC] PHP Deprecated:  Using ${expr} (variable variables) in strings is deprecated, use {${expr}} instead in /home/f5t3lfykbikk/public_html/wp-content/mu-plugins/tpo-skin.php on line 171
[19-Dec-2025 20:50:14 UTC] PHP Deprecated:  Using ${expr} (variable variables) in strings is deprecated, use {${expr}} instead in /home/f5t3lfykbikk/public_html/wp-content/mu-plugins/tpo-skin.php on line 171
[19-Dec-2025 20:50:14 UTC] PHP Deprecated:  Using ${expr} (variable variables) in strings is deprecated, use {${expr}} instead in /home/f5t3lfykbikk/public_html/wp-content/mu-plugins/tpo-skin.php on line 175
Uncaught exception: Undefined constant "item" in /home/f5t3lfykbikk/public_html/wp-content/mu-plugins/tpo-skin.php on line 169[19-Dec-2025 20:51:20 UTC] TPO Debug Logger activated. 2025-12-19 20:51:20
Uncaught exception: Undefined constant "item" in /home/f5t3lfykbikk/public_html/wp-content/mu-plugins/tpo-skin.php on line 169[19-Dec-2025 20:51:21 UTC] TPO Debug Logger activated. 2025-12-19 20:51:21
[19-Dec-2025 20:51:23 UTC] TPO Debug Logger activated. 2025-12-19 20:51:23
Uncaught exception: Undefined constant "item" in /home/f5t3lfykbikk/public_html/wp-content/mu-plugins/tpo-skin.php on line 169[19-Dec-2025 20:51:25 UTC] TPO Debug Logger activated. 2025-12-19 20:51:25
Uncaught exception: Undefined constant "item" in /home/f5t3lfykbikk/public_html/wp-content/mu-plugins/tpo-skin.php on line 169[19-Dec-2025 20:51:55 UTC] TPO Debug Logger activated. 2025-12-19 20:51:55
Uncaught exception: Undefined constant "item" in /home/f5t3lfykbikk/public_html/wp-content/mu-plugins/tpo-skin.php on line 169[19-Dec-2025 20:51:56 UTC] TPO Debug Logger activated. 2025-12-19 20:51:56
[19-Dec-2025 20:52:18 UTC] TPO Debug Logger activated. 2025-12-19 20:52:18
[19-Dec-2025 20:52:19 UTC] TPO Debug Logger activated. 2025-12-19 20:52:19
[19-Dec-2025 20:52:19 UTC] TPO Debug Logger activated. 2025-12-19 20:52:19
Uncaught exception: Undefined constant "item" in /home/f5t3lfykbikk/public_html/wp-content/mu-plugins/tpo-skin.php on line 169Uncaught exception: Undefined constant "item" in /home/f5t3lfykbikk/public_html/wp-content/mu-plugins/tpo-skin.php on line 169[19-Dec-2025 20:53:47 UTC] TPO Debug Logger activated. 2025-12-19 20:53:47
Uncaught exception: Undefined constant "item" in /home/f5t3lfykbikk/public_html/wp-content/mu-plugins/tpo-skin.php on line 169[19-Dec-2025 20:53:47 UTC] TPO Debug Logger activated. 2025-12-19 20:53:47
[19-Dec-2025 20:54:00 UTC] TPO Debug Logger activated. 2025-12-19 20:54:00
Uncaught exception: Undefined constant "item" in /home/f5t3lfykbikk/public_html/wp-content/mu-plugins/tpo-skin.php on line 169[19-Dec-2025 20:54:08 UTC] TPO Debug Logger activated. 2025-12-19 20:54:08
Uncaught exception: Undefined constant "item" in /home/f5t3lfykbikk/public_html/wp-content/mu-plugins/tpo-skin.php on line 169[19-Dec-2025 20:54:11 UTC] TPO Debug Logger activated. 2025-12-19 20:54:11
Uncaught exception: Undefined constant "item" in /home/f5t3lfykbikk/public_html/wp-content/mu-plugins/tpo-skin.php on line 169[19-Dec-2025 20:54:21 UTC] TPO Debug Logger activated. 2025-12-19 20:54:21
Uncaught exception: Undefined constant "item" in /home/f5t3lfykbikk/public_html/wp-content/mu-plugins/tpo-skin.php on line 169[19-Dec-2025 20:54:30 UTC] TPO Debug Logger activated. 2025-12-19 20:54:30
Uncaught exception: Undefined constant "item" in /home/f5t3lfykbikk/public_html/wp-content/mu-plugins/tpo-skin.php on line 169[19-Dec-2025 20:54:38 UTC] TPO Debug Logger activated. 2025-12-19 20:54:38
Uncaught exception: Undefined constant "item" in /home/f5t3lfykbikk/public_html/wp-content/mu-plugins/tpo-skin.php on line 169[19-Dec-2025 20:54:45 UTC] TPO Debug Logger activated. 2025-12-19 20:54:45
Uncaught exception: Undefined constant "item" in /home/f5t3lfykbikk/public_html/wp-content/mu-plugins/tpo-skin.php on line 169[19-Dec-2025 20:54:46 UTC] TPO Debug Logger activated. 2025-12-19 20:54:46
[19-Dec-2025 20:54:51 UTC] TPO Debug Logger activated. 2025-12-19 20:54:51
Uncaught exception: Undefined constant "item" in /home/f5t3lfykbikk/public_html/wp-content/mu-plugins/tpo-skin.php on line 169[19-Dec-2025 20:54:56 UTC] TPO Debug Logger activated. 2025-12-19 20:54:56
[19-Dec-2025 20:55:01 UTC] TPO Debug Logger activated. 2025-12-19 20:55:01
[19-Dec-2025 20:55:04 UTC] TPO Debug Logger activated. 2025-12-19 20:55:04
[19-Dec-2025 20:55:07 UTC] TPO Debug Logger activated. 2025-12-19 20:55:07
[19-Dec-2025 20:55:10 UTC] TPO Debug Logger activated. 2025-12-19 20:55:10
[19-Dec-2025 20:55:12 UTC] TPO Debug Logger activated. 2025-12-19 20:55:12
[19-Dec-2025 20:55:14 UTC] TPO Debug Logger activated. 2025-12-19 20:55:14
[19-Dec-2025 20:55:16 UTC] TPO Debug Logger activated. 2025-12-19 20:55:16
Uncaught exception: Undefined constant "item" in /home/f5t3lfykbikk/public_html/wp-content/mu-plugins/tpo-skin.php on line 169[19-Dec-2025 20:55:17 UTC] TPO Debug Logger activated. 2025-12-19 20:55:17
[19-Dec-2025 20:55:18 UTC] TPO Debug Logger activated. 2025-12-19 20:55:18
[19-Dec-2025 20:55:20 UTC] TPO Debug Logger activated. 2025-12-19 20:55:20
[19-Dec-2025 20:55:21 UTC] TPO Debug Logger activated. 2025-12-19 20:55:21
[19-Dec-2025 20:55:22 UTC] TPO Debug Logger activated. 2025-12-19 20:55:22
[19-Dec-2025 20:55:23 UTC] TPO Debug Logger activated. 2025-12-19 20:55:23
[19-Dec-2025 20:55:24 UTC] TPO Debug Logger activated. 2025-12-19 20:55:24
[19-Dec-2025 20:55:25 UTC] TPO Debug Logger activated. 2025-12-19 20:55:25
[19-Dec-2025 20:55:27 UTC] TPO Debug Logger activated. 2025-12-19 20:55:27
[19-Dec-2025 20:55:30 UTC] TPO Debug Logger activated. 2025-12-19 20:55:30
Uncaught exception: Undefined constant "item" in /home/f5t3lfykbikk/public_html/wp-content/mu-plugins/tpo-skin.php on line 169[19-Dec-2025 20:55:34 UTC] TPO Debug Logger activated. 2025-12-19 20:55:34
[19-Dec-2025 20:55:37 UTC] TPO Debug Logger activated. 2025-12-19 20:55:37
[19-Dec-2025 20:55:39 UTC] TPO Debug Logger activated. 2025-12-19 20:55:39
Uncaught exception: Undefined constant "item" in /home/f5t3lfykbikk/public_html/wp-content/mu-plugins/tpo-skin.php on line 169[19-Dec-2025 20:55:42 UTC] TPO Debug Logger activated. 2025-12-19 20:55:42
Uncaught exception: Undefined constant "item" in /home/f5t3lfykbikk/public_html/wp-content/mu-plugins/tpo-skin.php on line 169[19-Dec-2025 20:55:44 UTC] TPO Debug Logger activated. 2025-12-19 20:55:44
Uncaught exception: Undefined constant "item" in /home/f5t3lfykbikk/public_html/wp-content/mu-plugins/tpo-skin.php on line 169[19-Dec-2025 20:55:45 UTC] TPO Debug Logger activated. 2025-12-19 20:55:45
[19-Dec-2025 20:55:47 UTC] TPO Debug Logger activated. 2025-12-19 20:55:47
Uncaught exception: Undefined constant "item" in /home/f5t3lfykbikk/public_html/wp-content/mu-plugins/tpo-skin.php on line 169[19-Dec-2025 20:55:50 UTC] TPO Debug Logger activated. 2025-12-19 20:55:50
Uncaught exception: Undefined constant "item" in /home/f5t3lfykbikk/public_html/wp-content/mu-plugins/tpo-skin.php on line 169[19-Dec-2025 20:55:52 UTC] TPO Debug Logger activated. 2025-12-19 20:55:52
Uncaught exception: Undefined constant "item" in /home/f5t3lfykbikk/public_html/wp-content/mu-plugins/tpo-skin.php on line 169[19-Dec-2025 20:55:54 UTC] TPO Debug Logger activated. 2025-12-19 20:55:54
Uncaught exception: Undefined constant "item" in /home/f5t3lfykbikk/public_html/wp-content/mu-plugins/tpo-skin.php on line 169[19-Dec-2025 20:55:56 UTC] TPO Debug Logger activated. 2025-12-19 20:55:56
Uncaught exception: Undefined constant "item" in /home/f5t3lfykbikk/public_html/wp-content/mu-plugins/tpo-skin.php on line 169[19-Dec-2025 20:55:57 UTC] TPO Debug Logger activated. 2025-12-19 20:55:57
[19-Dec-2025 20:55:59 UTC] TPO Debug Logger activated. 2025-12-19 20:55:59
[19-Dec-2025 20:56:05 UTC] TPO Debug Logger activated. 2025-12-19 20:56:05
[19-Dec-2025 20:56:09 UTC] TPO Debug Logger activated. 2025-12-19 20:56:09
[19-Dec-2025 20:56:14 UTC] TPO Debug Logger activated. 2025-12-19 20:56:14
[19-Dec-2025 20:56:20 UTC] TPO Debug Logger activated. 2025-12-19 20:56:20
[19-Dec-2025 20:56:26 UTC] TPO Debug Logger activated. 2025-12-19 20:56:26
[19-Dec-2025 20:56:31 UTC] TPO Debug Logger activated. 2025-12-19 20:56:31
[19-Dec-2025 20:56:36 UTC] TPO Debug Logger activated. 2025-12-19 20:56:36
[19-Dec-2025 20:56:40 UTC] TPO Debug Logger activated. 2025-12-19 20:56:40
[19-Dec-2025 20:56:43 UTC] TPO Debug Logger activated. 2025-12-19 20:56:43
[19-Dec-2025 20:56:45 UTC] TPO Debug Logger activated. 2025-12-19 20:56:45
[19-Dec-2025 20:56:46 UTC] TPO Debug Logger activated. 2025-12-19 20:56:46
[19-Dec-2025 20:56:47 UTC] TPO Debug Logger activated. 2025-12-19 20:56:47
[19-Dec-2025 20:56:50 UTC] TPO Debug Logger activated. 2025-12-19 20:56:50
[19-Dec-2025 20:56:51 UTC] TPO Debug Logger activated. 2025-12-19 20:56:51
[19-Dec-2025 20:56:53 UTC] TPO Debug Logger activated. 2025-12-19 20:56:53
[19-Dec-2025 20:56:54 UTC] TPO Debug Logger activated. 2025-12-19 20:56:54
[19-Dec-2025 20:56:55 UTC] TPO Debug Logger activated. 2025-12-19 20:56:55
[19-Dec-2025 20:56:56 UTC] TPO Debug Logger activated. 2025-12-19 20:56:56
[19-Dec-2025 20:56:58 UTC] TPO Debug Logger activated. 2025-12-19 20:56:58
[19-Dec-2025 20:57:01 UTC] TPO Debug Logger activated. 2025-12-19 20:57:01
[19-Dec-2025 20:57:03 UTC] TPO Debug Logger activated. 2025-12-19 20:57:03
[19-Dec-2025 20:57:04 UTC] TPO Debug Logger activated. 2025-12-19 20:57:04
[19-Dec-2025 20:57:05 UTC] TPO Debug Logger activated. 2025-12-19 20:57:05
[19-Dec-2025 20:57:06 UTC] TPO Debug Logger activated. 2025-12-19 20:57:06
[19-Dec-2025 20:57:07 UTC] TPO Debug Logger activated. 2025-12-19 20:57:07
[19-Dec-2025 20:57:08 UTC] TPO Debug Logger activated. 2025-12-19 20:57:08
[19-Dec-2025 20:57:10 UTC] TPO Debug Logger activated. 2025-12-19 20:57:10
[19-Dec-2025 20:57:13 UTC] TPO Debug Logger activated. 2025-12-19 20:57:13
[19-Dec-2025 20:57:16 UTC] TPO Debug Logger activated. 2025-12-19 20:57:16
[19-Dec-2025 20:57:18 UTC] TPO Debug Logger activated. 2025-12-19 20:57:18
[19-Dec-2025 20:57:20 UTC] TPO Debug Logger activated. 2025-12-19 20:57:20
[19-Dec-2025 20:57:22 UTC] TPO Debug Logger activated. 2025-12-19 20:57:22
[19-Dec-2025 20:57:23 UTC] TPO Debug Logger activated. 2025-12-19 20:57:23
[19-Dec-2025 20:57:25 UTC] TPO Debug Logger activated. 2025-12-19 20:57:25
[19-Dec-2025 20:57:26 UTC] TPO Debug Logger activated. 2025-12-19 20:57:26
[19-Dec-2025 20:57:27 UTC] TPO Debug Logger activated. 2025-12-19 20:57:27
[19-Dec-2025 20:57:28 UTC] TPO Debug Logger activated. 2025-12-19 20:57:28
[19-Dec-2025 20:57:29 UTC] TPO Debug Logger activated. 2025-12-19 20:57:29
[19-Dec-2025 20:57:30 UTC] TPO Debug Logger activated. 2025-12-19 20:57:30
[19-Dec-2025 20:57:32 UTC] TPO Debug Logger activated. 2025-12-19 20:57:32
[19-Dec-2025 20:57:34 UTC] TPO Debug Logger activated. 2025-12-19 20:57:34
[19-Dec-2025 20:57:36 UTC] TPO Debug Logger activated. 2025-12-19 20:57:36
[19-Dec-2025 20:57:38 UTC] TPO Debug Logger activated. 2025-12-19 20:57:38
[19-Dec-2025 20:57:41 UTC] TPO Debug Logger activated. 2025-12-19 20:57:41
[19-Dec-2025 20:57:43 UTC] TPO Debug Logger activated. 2025-12-19 20:57:43
[19-Dec-2025 20:57:45 UTC] TPO Debug Logger activated. 2025-12-19 20:57:45
[19-Dec-2025 20:57:46 UTC] TPO Debug Logger activated. 2025-12-19 20:57:46
[19-Dec-2025 20:57:47 UTC] TPO Debug Logger activated. 2025-12-19 20:57:47
[19-Dec-2025 20:57:49 UTC] TPO Debug Logger activated. 2025-12-19 20:57:49
[19-Dec-2025 20:57:50 UTC] TPO Debug Logger activated. 2025-12-19 20:57:50
[19-Dec-2025 20:57:52 UTC] TPO Debug Logger activated. 2025-12-19 20:57:52
[19-Dec-2025 20:57:53 UTC] TPO Debug Logger activated. 2025-12-19 20:57:53
[19-Dec-2025 20:57:57 UTC] TPO Debug Logger activated. 2025-12-19 20:57:57
[19-Dec-2025 20:58:54 UTC] TPO Debug Logger activated. 2025-12-19 20:58:54
[19-Dec-2025 20:58:54 UTC] TPO Debug Logger activated. 2025-12-19 20:58:54
[19-Dec-2025 20:59:38 UTC] TPO Debug Logger activated. 2025-12-19 20:59:38
[19-Dec-2025 21:03:25 UTC] TPO Debug Logger activated. 2025-12-19 21:03:25
[19-Dec-2025 21:03:25 UTC] PHP Deprecated:  Using ${expr} (variable variables) in strings is deprecated, use {${expr}} instead in /home/f5t3lfykbikk/public_html/wp-content/mu-plugins/tpo-skin.php on line 143
[19-Dec-2025 21:03:25 UTC] PHP Deprecated:  Using ${expr} (variable variables) in strings is deprecated, use {${expr}} instead in /home/f5t3lfykbikk/public_html/wp-content/mu-plugins/tpo-skin.php on line 163
[19-Dec-2025 21:03:25 UTC] PHP Deprecated:  Using ${expr} (variable variables) in strings is deprecated, use {${expr}} instead in /home/f5t3lfykbikk/public_html/wp-content/mu-plugins/tpo-skin.php on line 163
[19-Dec-2025 21:03:25 UTC] PHP Deprecated:  Using ${expr} (variable variables) in strings is deprecated, use {${expr}} instead in /home/f5t3lfykbikk/public_html/wp-content/mu-plugins/tpo-skin.php on line 167
[19-Dec-2025 21:03:25 UTC] PHP Deprecated:  Using ${expr} (variable variables) in strings is deprecated, use {${expr}} instead in /home/f5t3lfykbikk/public_html/wp-content/mu-plugins/tpo-skin.php on line 167
[19-Dec-2025 21:03:25 UTC] PHP Deprecated:  Using ${expr} (variable variables) in strings is deprecated, use {${expr}} instead in /home/f5t3lfykbikk/public_html/wp-content/mu-plugins/tpo-skin.php on line 169
[19-Dec-2025 21:03:25 UTC] PHP Deprecated:  Using ${expr} (variable variables) in strings is deprecated, use {${expr}} instead in /home/f5t3lfykbikk/public_html/wp-content/mu-plugins/tpo-skin.php on line 169
[19-Dec-2025 21:03:25 UTC] PHP Deprecated:  Using ${expr} (variable variables) in strings is deprecated, use {${expr}} instead in /home/f5t3lfykbikk/public_html/wp-content/mu-plugins/tpo-skin.php on line 173
[19-Dec-2025 21:03:25 UTC] PHP Deprecated:  Using ${expr} (variable variables) in strings is deprecated, use {${expr}} instead in /home/f5t3lfykbikk/public_html/wp-content/mu-plugins/tpo-skin.php on line 173
[19-Dec-2025 21:03:25 UTC] PHP Deprecated:  Using ${expr} (variable variables) in strings is deprecated, use {${expr}} instead in /home/f5t3lfykbikk/public_html/wp-content/mu-plugins/tpo-skin.php on line 178
[19-Dec-2025 21:03:26 UTC] TPO Debug Logger activated. 2025-12-19 21:03:26
[19-Dec-2025 21:03:26 UTC] TPO Debug Logger activated. 2025-12-19 21:03:26
[19-Dec-2025 21:03:50 UTC] TPO Debug Logger activated. 2025-12-19 21:03:50
Uncaught exception: Undefined constant "item" in /home/f5t3lfykbikk/public_html/wp-content/mu-plugins/tpo-skin.php on line 163[19-Dec-2025 21:03:51 UTC] TPO Debug Logger activated. 2025-12-19 21:03:51
[19-Dec-2025 21:04:06 UTC] TPO Debug Logger activated. 2025-12-19 21:04:06
Uncaught exception: Undefined constant "item" in /home/f5t3lfykbikk/public_html/wp-content/mu-plugins/tpo-skin.php on line 163[19-Dec-2025 21:05:04 UTC] TPO Debug Logger activated. 2025-12-19 21:05:04
Uncaught exception: Undefined constant "item" in /home/f5t3lfykbikk/public_html/wp-content/mu-plugins/tpo-skin.php on line 163[19-Dec-2025 21:05:05 UTC] TPO Debug Logger activated. 2025-12-19 21:05:05
[19-Dec-2025 21:06:36 UTC] TPO Debug Logger activated. 2025-12-19 21:06:36
Uncaught exception: Undefined constant "item" in /home/f5t3lfykbikk/public_html/wp-content/mu-plugins/tpo-skin.php on line 163[19-Dec-2025 21:06:37 UTC] TPO Debug Logger activated. 2025-12-19 21:06:37
[19-Dec-2025 21:06:37 UTC] TPO Debug Logger activated. 2025-12-19 21:06:37
Uncaught exception: Undefined constant "item" in /home/f5t3lfykbikk/public_html/wp-content/mu-plugins/tpo-skin.php on line 163[19-Dec-2025 21:06:38 UTC] TPO Debug Logger activated. 2025-12-19 21:06:38
Uncaught exception: Undefined constant "item" in /home/f5t3lfykbikk/public_html/wp-content/mu-plugins/tpo-skin.php on line 163[19-Dec-2025 21:06:39 UTC] TPO Debug Logger activated. 2025-12-19 21:06:39
Uncaught exception: Undefined constant "item" in /home/f5t3lfykbikk/public_html/wp-content/mu-plugins/tpo-skin.php on line 163[19-Dec-2025 21:06:39 UTC] TPO Debug Logger activated. 2025-12-19 21:06:39
Uncaught exception: Undefined constant "item" in /home/f5t3lfykbikk/public_html/wp-content/mu-plugins/tpo-skin.php on line 163[19-Dec-2025 21:06:40 UTC] TPO Debug Logger activated. 2025-12-19 21:06:40
[19-Dec-2025 21:07:57 UTC] TPO Debug Logger activated. 2025-12-19 21:07:57
[19-Dec-2025 21:07:57 UTC] PHP Deprecated:  Using ${expr} (variable variables) in strings is deprecated, use {${expr}} instead in /home/f5t3lfykbikk/public_html/wp-content/mu-plugins/tpo-skin.php on line 143
[19-Dec-2025 21:07:57 UTC] PHP Deprecated:  Using ${expr} (variable variables) in strings is deprecated, use {${expr}} instead in /home/f5t3lfykbikk/public_html/wp-content/mu-plugins/tpo-skin.php on line 163
[19-Dec-2025 21:07:57 UTC] PHP Deprecated:  Using ${expr} (variable variables) in strings is deprecated, use {${expr}} instead in /home/f5t3lfykbikk/public_html/wp-content/mu-plugins/tpo-skin.php on line 163
[19-Dec-2025 21:07:57 UTC] PHP Deprecated:  Using ${expr} (variable variables) in strings is deprecated, use {${expr}} instead in /home/f5t3lfykbikk/public_html/wp-content/mu-plugins/tpo-skin.php on line 167
[19-Dec-2025 21:07:57 UTC] PHP Deprecated:  Using ${expr} (variable variables) in strings is deprecated, use {${expr}} instead in /home/f5t3lfykbikk/public_html/wp-content/mu-plugins/tpo-skin.php on line 167
[19-Dec-2025 21:07:57 UTC] PHP Deprecated:  Using ${expr} (variable variables) in strings is deprecated, use {${expr}} instead in /home/f5t3lfykbikk/public_html/wp-content/mu-plugins/tpo-skin.php on line 169
[19-Dec-2025 21:07:57 UTC] PHP Deprecated:  Using ${expr} (variable variables) in strings is deprecated, use {${expr}} instead in /home/f5t3lfykbikk/public_html/wp-content/mu-plugins/tpo-skin.php on line 169
[19-Dec-2025 21:07:57 UTC] PHP Deprecated:  Using ${expr} (variable variables) in strings is deprecated, use {${expr}} instead in /home/f5t3lfykbikk/public_html/wp-content/mu-plugins/tpo-skin.php on line 173
[19-Dec-2025 21:07:57 UTC] PHP Deprecated:  Using ${expr} (variable variables) in strings is deprecated, use {${expr}} instead in /home/f5t3lfykbikk/public_html/wp-content/mu-plugins/tpo-skin.php on line 173
[19-Dec-2025 21:07:57 UTC] PHP Deprecated:  Using ${expr} (variable variables) in strings is deprecated, use {${expr}} instead in /home/f5t3lfykbikk/public_html/wp-content/mu-plugins/tpo-skin.php on line 178
Uncaught exception: Undefined constant "item" in /home/f5t3lfykbikk/public_html/wp-content/mu-plugins/tpo-skin.php on line 163[19-Dec-2025 21:07:59 UTC] TPO Debug Logger activated. 2025-12-19 21:07:59
[19-Dec-2025 21:07:59 UTC] TPO Debug Logger activated. 2025-12-19 21:07:59
[19-Dec-2025 21:08:00 UTC] TPO Debug Logger activated. 2025-12-19 21:08:00
Uncaught exception: Undefined constant "item" in /home/f5t3lfykbikk/public_html/wp-content/mu-plugins/tpo-skin.php on line 163[19-Dec-2025 21:08:46 UTC] TPO Debug Logger activated. 2025-12-19 21:08:46
Uncaught exception: Undefined constant "item" in /home/f5t3lfykbikk/public_html/wp-content/mu-plugins/tpo-skin.php on line 163[19-Dec-2025 21:08:47 UTC] TPO Debug Logger activated. 2025-12-19 21:08:47
[19-Dec-2025 21:10:31 UTC] TPO Debug Logger activated. 2025-12-19 21:10:31
Uncaught exception: Undefined constant "item" in /home/f5t3lfykbikk/public_html/wp-content/mu-plugins/tpo-skin.php on line 163[19-Dec-2025 21:10:32 UTC] TPO Debug Logger activated. 2025-12-19 21:10:32
[19-Dec-2025 21:10:34 UTC] TPO Debug Logger activated. 2025-12-19 21:10:34
Uncaught exception: Undefined constant "item" in /home/f5t3lfykbikk/public_html/wp-content/mu-plugins/tpo-skin.php on line 163[19-Dec-2025 21:10:37 UTC] TPO Debug Logger activated. 2025-12-19 21:10:37
[19-Dec-2025 21:10:38 UTC] TPO Debug Logger activated. 2025-12-19 21:10:38
Uncaught exception: Undefined constant "item" in /home/f5t3lfykbikk/public_html/wp-content/mu-plugins/tpo-skin.php on line 163[19-Dec-2025 21:12:15 UTC] TPO Debug Logger activated. 2025-12-19 21:12:15
[19-Dec-2025 21:12:15 UTC] TPO Debug Logger activated. 2025-12-19 21:12:15
[19-Dec-2025 21:12:51 UTC] TPO Debug Logger activated. 2025-12-19 21:12:51
[19-Dec-2025 21:12:51 UTC] TPO Debug Logger activated. 2025-12-19 21:12:51
[19-Dec-2025 21:12:52 UTC] TPO Debug Logger activated. 2025-12-19 21:12:52
[19-Dec-2025 21:12:52 UTC] TPO Debug Logger activated. 2025-12-19 21:12:52
[19-Dec-2025 21:14:00 UTC] TPO Debug Logger activated. 2025-12-19 21:14:00
[19-Dec-2025 21:14:00 UTC] TPO Debug Logger activated. 2025-12-19 21:14:00
[19-Dec-2025 21:14:43 UTC] TPO Debug Logger activated. 2025-12-19 21:14:43
[19-Dec-2025 21:15:27 UTC] TPO Debug Logger activated. 2025-12-19 21:15:27
[19-Dec-2025 21:15:28 UTC] TPO Debug Logger activated. 2025-12-19 21:15:28
[19-Dec-2025 21:15:29 UTC] TPO Debug Logger activated. 2025-12-19 21:15:29
[19-Dec-2025 21:15:35 UTC] TPO Debug Logger activated. 2025-12-19 21:15:35
[19-Dec-2025 21:15:35 UTC] TPO Debug Logger activated. 2025-12-19 21:15:35
[19-Dec-2025 21:15:42 UTC] TPO Debug Logger activated. 2025-12-19 21:15:42
[19-Dec-2025 21:15:42 UTC] TPO Debug Logger activated. 2025-12-19 21:15:42
[19-Dec-2025 21:15:46 UTC] TPO Debug Logger activated. 2025-12-19 21:15:46
[19-Dec-2025 21:15:47 UTC] TPO Debug Logger activated. 2025-12-19 21:15:47
[19-Dec-2025 21:15:50 UTC] TPO Debug Logger activated. 2025-12-19 21:15:50
[19-Dec-2025 21:15:51 UTC] TPO Debug Logger activated. 2025-12-19 21:15:51
[19-Dec-2025 21:16:04 UTC] TPO Debug Logger activated. 2025-12-19 21:16:04
[19-Dec-2025 21:16:05 UTC] TPO Debug Logger activated. 2025-12-19 21:16:05
[19-Dec-2025 21:16:06 UTC] TPO Debug Logger activated. 2025-12-19 21:16:06
[19-Dec-2025 21:16:25 UTC] TPO Debug Logger activated. 2025-12-19 21:16:25
[19-Dec-2025 21:16:26 UTC] TPO Debug Logger activated. 2025-12-19 21:16:26
[19-Dec-2025 21:16:26 UTC] TPO Debug Logger activated. 2025-12-19 21:16:26
[19-Dec-2025 21:17:08 UTC] TPO Debug Logger activated. 2025-12-19 21:17:08
[19-Dec-2025 21:17:08 UTC] TPO Debug Logger activated. 2025-12-19 21:17:08
[19-Dec-2025 21:17:14 UTC] TPO Debug Logger activated. 2025-12-19 21:17:14
[19-Dec-2025 21:17:14 UTC] TPO Debug Logger activated. 2025-12-19 21:17:14
[19-Dec-2025 21:17:23 UTC] TPO Debug Logger activated. 2025-12-19 21:17:23
[19-Dec-2025 21:17:34 UTC] TPO Debug Logger activated. 2025-12-19 21:17:34
[19-Dec-2025 21:17:37 UTC] TPO Debug Logger activated. 2025-12-19 21:17:37
[19-Dec-2025 21:17:38 UTC] TPO Debug Logger activated. 2025-12-19 21:17:38
[19-Dec-2025 21:17:45 UTC] TPO Debug Logger activated. 2025-12-19 21:17:45
[19-Dec-2025 21:17:46 UTC] TPO Debug Logger activated. 2025-12-19 21:17:46
[19-Dec-2025 21:18:31 UTC] TPO Debug Logger activated. 2025-12-19 21:18:31
[19-Dec-2025 21:18:41 UTC] TPO Debug Logger activated. 2025-12-19 21:18:41
[19-Dec-2025 21:18:49 UTC] TPO Debug Logger activated. 2025-12-19 21:18:49
[19-Dec-2025 21:18:50 UTC] TPO Debug Logger activated. 2025-12-19 21:18:50
[19-Dec-2025 21:19:36 UTC] TPO Debug Logger activated. 2025-12-19 21:19:36
[19-Dec-2025 21:20:19 UTC] TPO Debug Logger activated. 2025-12-19 21:20:19
[19-Dec-2025 21:20:20 UTC] TPO Debug Logger activated. 2025-12-19 21:20:20
[19-Dec-2025 21:20:42 UTC] TPO Debug Logger activated. 2025-12-19 21:20:42
[19-Dec-2025 21:20:46 UTC] TPO Debug Logger activated. 2025-12-19 21:20:46
[19-Dec-2025 21:20:46 UTC] TPO Debug Logger activated. 2025-12-19 21:20:46
[19-Dec-2025 21:21:06 UTC] TPO Debug Logger activated. 2025-12-19 21:21:06
[19-Dec-2025 21:22:43 UTC] TPO Debug Logger activated. 2025-12-19 21:22:43
[19-Dec-2025 21:22:43 UTC] TPO Debug Logger activated. 2025-12-19 21:22:43
[19-Dec-2025 21:22:44 UTC] TPO Debug Logger activated. 2025-12-19 21:22:44
[19-Dec-2025 21:22:49 UTC] TPO Debug Logger activated. 2025-12-19 21:22:49
[19-Dec-2025 21:22:58 UTC] TPO Debug Logger activated. 2025-12-19 21:22:58
[19-Dec-2025 21:23:13 UTC] TPO Debug Logger activated. 2025-12-19 21:23:13
[19-Dec-2025 21:23:17 UTC] TPO Debug Logger activated. 2025-12-19 21:23:17
[19-Dec-2025 21:23:59 UTC] TPO Debug Logger activated. 2025-12-19 21:23:59
[19-Dec-2025 21:24:00 UTC] TPO Debug Logger activated. 2025-12-19 21:24:00
[19-Dec-2025 21:24:02 UTC] TPO Debug Logger activated. 2025-12-19 21:24:02
[19-Dec-2025 21:24:27 UTC] TPO Debug Logger activated. 2025-12-19 21:24:27
[19-Dec-2025 21:24:30 UTC] TPO Debug Logger activated. 2025-12-19 21:24:30
[19-Dec-2025 21:24:44 UTC] TPO Debug Logger activated. 2025-12-19 21:24:44
[19-Dec-2025 21:24:44 UTC] TPO Debug Logger activated. 2025-12-19 21:24:44
[19-Dec-2025 21:24:45 UTC] TPO Debug Logger activated. 2025-12-19 21:24:45
[19-Dec-2025 21:26:45 UTC] TPO Debug Logger activated. 2025-12-19 21:26:45
[19-Dec-2025 21:26:45 UTC] TPO Debug Logger activated. 2025-12-19 21:26:45
[19-Dec-2025 21:26:46 UTC] TPO Debug Logger activated. 2025-12-19 21:26:46
[19-Dec-2025 21:27:40 UTC] TPO Debug Logger activated. 2025-12-19 21:27:40
[19-Dec-2025 21:28:46 UTC] TPO Debug Logger activated. 2025-12-19 21:28:46
[19-Dec-2025 21:28:46 UTC] TPO Debug Logger activated. 2025-12-19 21:28:46
[19-Dec-2025 21:28:47 UTC] TPO Debug Logger activated. 2025-12-19 21:28:47
[19-Dec-2025 21:29:43 UTC] TPO Debug Logger activated. 2025-12-19 21:29:43
[19-Dec-2025 21:29:44 UTC] TPO Debug Logger activated. 2025-12-19 21:29:44
[19-Dec-2025 21:29:45 UTC] TPO Debug Logger activated. 2025-12-19 21:29:45
[19-Dec-2025 21:29:48 UTC] TPO Debug Logger activated. 2025-12-19 21:29:48
[19-Dec-2025 21:29:52 UTC] TPO Debug Logger activated. 2025-12-19 21:29:52
[19-Dec-2025 21:30:47 UTC] TPO Debug Logger activated. 2025-12-19 21:30:47
[19-Dec-2025 21:30:47 UTC] TPO Debug Logger activated. 2025-12-19 21:30:47
[19-Dec-2025 21:30:48 UTC] TPO Debug Logger activated. 2025-12-19 21:30:48
[19-Dec-2025 21:30:57 UTC] TPO Debug Logger activated. 2025-12-19 21:30:57
[19-Dec-2025 21:31:05 UTC] TPO Debug Logger activated. 2025-12-19 21:31:05
[19-Dec-2025 21:31:38 UTC] TPO Debug Logger activated. 2025-12-19 21:31:38
[19-Dec-2025 21:32:28 UTC] TPO Debug Logger activated. 2025-12-19 21:32:28
[19-Dec-2025 21:32:28 UTC] TPO Debug Logger activated. 2025-12-19 21:32:28
[19-Dec-2025 21:32:41 UTC] TPO Debug Logger activated. 2025-12-19 21:32:41
[19-Dec-2025 21:32:42 UTC] TPO Debug Logger activated. 2025-12-19 21:32:42
[19-Dec-2025 21:32:45 UTC] TPO Debug Logger activated. 2025-12-19 21:32:45
[19-Dec-2025 21:32:46 UTC] TPO Debug Logger activated. 2025-12-19 21:32:46
[19-Dec-2025 21:32:47 UTC] TPO Debug Logger activated. 2025-12-19 21:32:47
[19-Dec-2025 21:32:48 UTC] TPO Debug Logger activated. 2025-12-19 21:32:48
[19-Dec-2025 21:33:14 UTC] TPO Debug Logger activated. 2025-12-19 21:33:14
[19-Dec-2025 21:34:50 UTC] TPO Debug Logger activated. 2025-12-19 21:34:50
[19-Dec-2025 21:34:51 UTC] TPO Debug Logger activated. 2025-12-19 21:34:51
[19-Dec-2025 21:34:52 UTC] TPO Debug Logger activated. 2025-12-19 21:34:52
[19-Dec-2025 21:35:05 UTC] TPO Debug Logger activated. 2025-12-19 21:35:05
[19-Dec-2025 21:35:24 UTC] TPO Debug Logger activated. 2025-12-19 21:35:24
[19-Dec-2025 21:35:39 UTC] TPO Debug Logger activated. 2025-12-19 21:35:39
[19-Dec-2025 21:36:50 UTC] TPO Debug Logger activated. 2025-12-19 21:36:50
[19-Dec-2025 21:36:50 UTC] TPO Debug Logger activated. 2025-12-19 21:36:50
[19-Dec-2025 21:38:35 UTC] TPO Debug Logger activated. 2025-12-19 21:38:35
[19-Dec-2025 21:38:36 UTC] TPO Debug Logger activated. 2025-12-19 21:38:36
[19-Dec-2025 21:38:38 UTC] TPO Debug Logger activated. 2025-12-19 21:38:38
[19-Dec-2025 21:38:43 UTC] TPO Debug Logger activated. 2025-12-19 21:38:43
[19-Dec-2025 21:38:48 UTC] TPO Debug Logger activated. 2025-12-19 21:38:48
[19-Dec-2025 21:38:48 UTC] TPO Debug Logger activated. 2025-12-19 21:38:48
[19-Dec-2025 21:38:51 UTC] TPO Debug Logger activated. 2025-12-19 21:38:51
[19-Dec-2025 21:38:53 UTC] TPO Debug Logger activated. 2025-12-19 21:38:53
[19-Dec-2025 21:38:59 UTC] TPO Debug Logger activated. 2025-12-19 21:38:59
[19-Dec-2025 21:39:03 UTC] TPO Debug Logger activated. 2025-12-19 21:39:03
[19-Dec-2025 21:39:07 UTC] TPO Debug Logger activated. 2025-12-19 21:39:07
[19-Dec-2025 21:39:11 UTC] TPO Debug Logger activated. 2025-12-19 21:39:11
[19-Dec-2025 21:39:14 UTC] TPO Debug Logger activated. 2025-12-19 21:39:14
[19-Dec-2025 21:39:19 UTC] TPO Debug Logger activated. 2025-12-19 21:39:19
[19-Dec-2025 21:39:25 UTC] TPO Debug Logger activated. 2025-12-19 21:39:25
[19-Dec-2025 21:39:29 UTC] TPO Debug Logger activated. 2025-12-19 21:39:29
[19-Dec-2025 21:39:33 UTC] TPO Debug Logger activated. 2025-12-19 21:39:33
[19-Dec-2025 21:39:36 UTC] TPO Debug Logger activated. 2025-12-19 21:39:36
[19-Dec-2025 21:39:39 UTC] TPO Debug Logger activated. 2025-12-19 21:39:39
[19-Dec-2025 21:39:41 UTC] TPO Debug Logger activated. 2025-12-19 21:39:41
[19-Dec-2025 21:39:43 UTC] TPO Debug Logger activated. 2025-12-19 21:39:43
[19-Dec-2025 21:39:45 UTC] TPO Debug Logger activated. 2025-12-19 21:39:45
[19-Dec-2025 21:39:46 UTC] TPO Debug Logger activated. 2025-12-19 21:39:46
[19-Dec-2025 21:39:47 UTC] TPO Debug Logger activated. 2025-12-19 21:39:47
[19-Dec-2025 21:39:48 UTC] TPO Debug Logger activated. 2025-12-19 21:39:48
[19-Dec-2025 21:39:51 UTC] TPO Debug Logger activated. 2025-12-19 21:39:51
[19-Dec-2025 21:39:53 UTC] TPO Debug Logger activated. 2025-12-19 21:39:53
[19-Dec-2025 21:39:55 UTC] TPO Debug Logger activated. 2025-12-19 21:39:55
[19-Dec-2025 21:39:56 UTC] TPO Debug Logger activated. 2025-12-19 21:39:56
[19-Dec-2025 21:39:58 UTC] TPO Debug Logger activated. 2025-12-19 21:39:58
[19-Dec-2025 21:39:59 UTC] TPO Debug Logger activated. 2025-12-19 21:39:59
[19-Dec-2025 21:40:00 UTC] TPO Debug Logger activated. 2025-12-19 21:40:00
[19-Dec-2025 21:40:01 UTC] TPO Debug Logger activated. 2025-12-19 21:40:01
[19-Dec-2025 21:40:03 UTC] TPO Debug Logger activated. 2025-12-19 21:40:03
[19-Dec-2025 21:40:04 UTC] TPO Debug Logger activated. 2025-12-19 21:40:04
[19-Dec-2025 21:40:06 UTC] TPO Debug Logger activated. 2025-12-19 21:40:06
[19-Dec-2025 21:40:07 UTC] TPO Debug Logger activated. 2025-12-19 21:40:07
[19-Dec-2025 21:40:08 UTC] TPO Debug Logger activated. 2025-12-19 21:40:08
[19-Dec-2025 21:40:09 UTC] TPO Debug Logger activated. 2025-12-19 21:40:09
[19-Dec-2025 21:40:10 UTC] TPO Debug Logger activated. 2025-12-19 21:40:10
[19-Dec-2025 21:40:11 UTC] TPO Debug Logger activated. 2025-12-19 21:40:11
[19-Dec-2025 21:40:12 UTC] TPO Debug Logger activated. 2025-12-19 21:40:12
[19-Dec-2025 21:40:13 UTC] TPO Debug Logger activated. 2025-12-19 21:40:13
[19-Dec-2025 21:40:15 UTC] TPO Debug Logger activated. 2025-12-19 21:40:15
[19-Dec-2025 21:40:16 UTC] TPO Debug Logger activated. 2025-12-19 21:40:16
[19-Dec-2025 21:40:17 UTC] TPO Debug Logger activated. 2025-12-19 21:40:17
[19-Dec-2025 21:40:18 UTC] TPO Debug Logger activated. 2025-12-19 21:40:18
[19-Dec-2025 21:40:23 UTC] TPO Debug Logger activated. 2025-12-19 21:40:23
[19-Dec-2025 21:40:26 UTC] TPO Debug Logger activated. 2025-12-19 21:40:26
[19-Dec-2025 21:40:29 UTC] TPO Debug Logger activated. 2025-12-19 21:40:29
[19-Dec-2025 21:40:32 UTC] TPO Debug Logger activated. 2025-12-19 21:40:32
[19-Dec-2025 21:40:35 UTC] TPO Debug Logger activated. 2025-12-19 21:40:35
[19-Dec-2025 21:40:39 UTC] TPO Debug Logger activated. 2025-12-19 21:40:39
[19-Dec-2025 21:40:42 UTC] TPO Debug Logger activated. 2025-12-19 21:40:42
[19-Dec-2025 21:40:44 UTC] TPO Debug Logger activated. 2025-12-19 21:40:44
[19-Dec-2025 21:40:46 UTC] TPO Debug Logger activated. 2025-12-19 21:40:46
[19-Dec-2025 21:40:47 UTC] TPO Debug Logger activated. 2025-12-19 21:40:47
[19-Dec-2025 21:40:48 UTC] TPO Debug Logger activated. 2025-12-19 21:40:48
[19-Dec-2025 21:40:50 UTC] TPO Debug Logger activated. 2025-12-19 21:40:50
[19-Dec-2025 21:40:51 UTC] TPO Debug Logger activated. 2025-12-19 21:40:51
[19-Dec-2025 21:40:52 UTC] TPO Debug Logger activated. 2025-12-19 21:40:52
[19-Dec-2025 21:40:53 UTC] TPO Debug Logger activated. 2025-12-19 21:40:53
[19-Dec-2025 21:40:54 UTC] TPO Debug Logger activated. 2025-12-19 21:40:54
[19-Dec-2025 21:40:55 UTC] TPO Debug Logger activated. 2025-12-19 21:40:55
[19-Dec-2025 21:40:56 UTC] TPO Debug Logger activated. 2025-12-19 21:40:56
[19-Dec-2025 21:40:58 UTC] TPO Debug Logger activated. 2025-12-19 21:40:58
[19-Dec-2025 21:41:00 UTC] TPO Debug Logger activated. 2025-12-19 21:41:00
[19-Dec-2025 21:41:01 UTC] TPO Debug Logger activated. 2025-12-19 21:41:01
[19-Dec-2025 21:41:02 UTC] TPO Debug Logger activated. 2025-12-19 21:41:03
[19-Dec-2025 21:41:04 UTC] TPO Debug Logger activated. 2025-12-19 21:41:04
[19-Dec-2025 21:41:05 UTC] TPO Debug Logger activated. 2025-12-19 21:41:05
[19-Dec-2025 21:41:06 UTC] TPO Debug Logger activated. 2025-12-19 21:41:06
[19-Dec-2025 21:41:07 UTC] TPO Debug Logger activated. 2025-12-19 21:41:07
[19-Dec-2025 21:41:08 UTC] TPO Debug Logger activated. 2025-12-19 21:41:08
[19-Dec-2025 21:41:09 UTC] TPO Debug Logger activated. 2025-12-19 21:41:09
[19-Dec-2025 21:41:09 UTC] TPO Debug Logger activated. 2025-12-19 21:41:09
[19-Dec-2025 21:41:10 UTC] TPO Debug Logger activated. 2025-12-19 21:41:10
[19-Dec-2025 21:41:11 UTC] TPO Debug Logger activated. 2025-12-19 21:41:11
[19-Dec-2025 21:41:12 UTC] TPO Debug Logger activated. 2025-12-19 21:41:12
[19-Dec-2025 21:41:14 UTC] TPO Debug Logger activated. 2025-12-19 21:41:14
[19-Dec-2025 21:41:15 UTC] TPO Debug Logger activated. 2025-12-19 21:41:15
[19-Dec-2025 21:41:16 UTC] TPO Debug Logger activated. 2025-12-19 21:41:16
[19-Dec-2025 21:41:18 UTC] TPO Debug Logger activated. 2025-12-19 21:41:18
[19-Dec-2025 21:41:19 UTC] TPO Debug Logger activated. 2025-12-19 21:41:19
[19-Dec-2025 21:41:20 UTC] TPO Debug Logger activated. 2025-12-19 21:41:20
[19-Dec-2025 21:41:21 UTC] TPO Debug Logger activated. 2025-12-19 21:41:21
[19-Dec-2025 21:41:22 UTC] TPO Debug Logger activated. 2025-12-19 21:41:22
[19-Dec-2025 21:41:23 UTC] TPO Debug Logger activated. 2025-12-19 21:41:23
[19-Dec-2025 21:41:23 UTC] TPO Debug Logger activated. 2025-12-19 21:41:23
[19-Dec-2025 21:41:25 UTC] TPO Debug Logger activated. 2025-12-19 21:41:25
[19-Dec-2025 21:41:28 UTC] TPO Debug Logger activated. 2025-12-19 21:41:28
[19-Dec-2025 21:41:31 UTC] TPO Debug Logger activated. 2025-12-19 21:41:31
[19-Dec-2025 21:41:34 UTC] TPO Debug Logger activated. 2025-12-19 21:41:34
[19-Dec-2025 21:41:40 UTC] TPO Debug Logger activated. 2025-12-19 21:41:40
[19-Dec-2025 21:41:55 UTC] TPO Debug Logger activated. 2025-12-19 21:41:55
[19-Dec-2025 21:41:56 UTC] TPO Debug Logger activated. 2025-12-19 21:41:56
[19-Dec-2025 21:41:56 UTC] TPO Debug Logger activated. 2025-12-19 21:41:56
[19-Dec-2025 21:42:53 UTC] TPO Debug Logger activated. 2025-12-19 21:42:53
[19-Dec-2025 21:42:53 UTC] TPO Debug Logger activated. 2025-12-19 21:42:53
[19-Dec-2025 21:42:54 UTC] TPO Debug Logger activated. 2025-12-19 21:42:54
[19-Dec-2025 21:43:02 UTC] TPO Debug Logger activated. 2025-12-19 21:43:02
[19-Dec-2025 21:43:09 UTC] TPO Debug Logger activated. 2025-12-19 21:43:09
[19-Dec-2025 21:43:17 UTC] TPO Debug Logger activated. 2025-12-19 21:43:17
[19-Dec-2025 21:43:21 UTC] TPO Debug Logger activated. 2025-12-19 21:43:21
[19-Dec-2025 21:43:26 UTC] TPO Debug Logger activated. 2025-12-19 21:43:26
[19-Dec-2025 21:43:28 UTC] TPO Debug Logger activated. 2025-12-19 21:43:28
[19-Dec-2025 21:43:31 UTC] TPO Debug Logger activated. 2025-12-19 21:43:31
[19-Dec-2025 21:43:33 UTC] TPO Debug Logger activated. 2025-12-19 21:43:33
[19-Dec-2025 21:43:35 UTC] TPO Debug Logger activated. 2025-12-19 21:43:35
[19-Dec-2025 21:43:37 UTC] TPO Debug Logger activated. 2025-12-19 21:43:37
[19-Dec-2025 21:43:38 UTC] TPO Debug Logger activated. 2025-12-19 21:43:38
[19-Dec-2025 21:43:42 UTC] TPO Debug Logger activated. 2025-12-19 21:43:42
[19-Dec-2025 21:43:49 UTC] TPO Debug Logger activated. 2025-12-19 21:43:49
[19-Dec-2025 21:43:49 UTC] TPO Debug Logger activated. 2025-12-19 21:43:49
[19-Dec-2025 21:44:40 UTC] TPO Debug Logger activated. 2025-12-19 21:44:40
[19-Dec-2025 21:44:40 UTC] TPO Debug Logger activated. 2025-12-19 21:44:40
[19-Dec-2025 21:44:40 UTC] TPO Debug Logger activated. 2025-12-19 21:44:40
[19-Dec-2025 21:44:54 UTC] TPO Debug Logger activated. 2025-12-19 21:44:54
[19-Dec-2025 21:44:54 UTC] TPO Debug Logger activated. 2025-12-19 21:44:54
[19-Dec-2025 21:44:54 UTC] TPO Debug Logger activated. 2025-12-19 21:44:54
[19-Dec-2025 21:44:55 UTC] TPO Debug Logger activated. 2025-12-19 21:44:55
[19-Dec-2025 21:46:55 UTC] TPO Debug Logger activated. 2025-12-19 21:46:55
[19-Dec-2025 21:46:55 UTC] TPO Debug Logger activated. 2025-12-19 21:46:55
[19-Dec-2025 21:46:56 UTC] TPO Debug Logger activated. 2025-12-19 21:46:56
[19-Dec-2025 21:48:56 UTC] TPO Debug Logger activated. 2025-12-19 21:48:56
[19-Dec-2025 21:48:56 UTC] TPO Debug Logger activated. 2025-12-19 21:48:56
[19-Dec-2025 21:48:57 UTC] TPO Debug Logger activated. 2025-12-19 21:48:57
[19-Dec-2025 21:50:57 UTC] TPO Debug Logger activated. 2025-12-19 21:50:57
[19-Dec-2025 21:50:57 UTC] TPO Debug Logger activated. 2025-12-19 21:50:57
[19-Dec-2025 21:50:58 UTC] TPO Debug Logger activated. 2025-12-19 21:50:58
[19-Dec-2025 21:51:07 UTC] TPO Debug Logger activated. 2025-12-19 21:51:07
[19-Dec-2025 21:51:08 UTC] TPO Debug Logger activated. 2025-12-19 21:51:08
[19-Dec-2025 21:52:12 UTC] TPO Debug Logger activated. 2025-12-19 21:52:12
[19-Dec-2025 21:52:12 UTC] TPO Debug Logger activated. 2025-12-19 21:52:12
[19-Dec-2025 21:52:58 UTC] TPO Debug Logger activated. 2025-12-19 21:52:58
[19-Dec-2025 21:52:58 UTC] TPO Debug Logger activated. 2025-12-19 21:52:58
[19-Dec-2025 21:52:59 UTC] TPO Debug Logger activated. 2025-12-19 21:52:59
[19-Dec-2025 21:53:06 UTC] TPO Debug Logger activated. 2025-12-19 21:53:06
[19-Dec-2025 21:53:06 UTC] TPO Debug Logger activated. 2025-12-19 21:53:06
[19-Dec-2025 21:54:40 UTC] TPO Debug Logger activated. 2025-12-19 21:54:40
[19-Dec-2025 21:54:40 UTC] TPO Debug Logger activated. 2025-12-19 21:54:40
[19-Dec-2025 21:54:47 UTC] TPO Debug Logger activated. 2025-12-19 21:54:47
[19-Dec-2025 21:54:47 UTC] TPO Debug Logger activated. 2025-12-19 21:54:47
[19-Dec-2025 21:54:59 UTC] TPO Debug Logger activated. 2025-12-19 21:54:59
[19-Dec-2025 21:54:59 UTC] TPO Debug Logger activated. 2025-12-19 21:54:59
[19-Dec-2025 21:55:45 UTC] TPO Debug Logger activated. 2025-12-19 21:55:45
[19-Dec-2025 21:55:47 UTC] TPO Debug Logger activated. 2025-12-19 21:55:47
[19-Dec-2025 21:55:48 UTC] TPO Debug Logger activated. 2025-12-19 21:55:48
[19-Dec-2025 21:55:48 UTC] TPO Debug Logger activated. 2025-12-19 21:55:48
[19-Dec-2025 21:55:48 UTC] TPO Debug Logger activated. 2025-12-19 21:55:48
[19-Dec-2025 21:55:48 UTC] TPO Debug Logger activated. 2025-12-19 21:55:48
[19-Dec-2025 21:55:48 UTC] TPO Debug Logger activated. 2025-12-19 21:55:48
[19-Dec-2025 21:55:49 UTC] TPO Debug Logger activated. 2025-12-19 21:55:49
[19-Dec-2025 21:55:49 UTC] TPO Debug Logger activated. 2025-12-19 21:55:49
[19-Dec-2025 21:55:49 UTC] TPO Debug Logger activated. 2025-12-19 21:55:49
[19-Dec-2025 21:55:49 UTC] TPO Debug Logger activated. 2025-12-19 21:55:49
[19-Dec-2025 21:55:49 UTC] TPO Debug Logger activated. 2025-12-19 21:55:49
[19-Dec-2025 21:56:19 UTC] TPO Debug Logger activated. 2025-12-19 21:56:19
[19-Dec-2025 21:56:20 UTC] TPO Debug Logger activated. 2025-12-19 21:56:20
[19-Dec-2025 21:56:21 UTC] TPO Debug Logger activated. 2025-12-19 21:56:21
[19-Dec-2025 21:56:41 UTC] TPO Debug Logger activated. 2025-12-19 21:56:41
[19-Dec-2025 21:56:41 UTC] TPO Debug Logger activated. 2025-12-19 21:56:41
[19-Dec-2025 21:56:42 UTC] TPO Debug Logger activated. 2025-12-19 21:56:42
[19-Dec-2025 21:56:43 UTC] TPO Debug Logger activated. 2025-12-19 21:56:43
[19-Dec-2025 21:56:49 UTC] TPO Debug Logger activated. 2025-12-19 21:56:49
[19-Dec-2025 21:56:50 UTC] TPO Debug Logger activated. 2025-12-19 21:56:50
[19-Dec-2025 21:57:00 UTC] TPO Debug Logger activated. 2025-12-19 21:57:00
[19-Dec-2025 21:57:00 UTC] TPO Debug Logger activated. 2025-12-19 21:57:00
[19-Dec-2025 21:59:01 UTC] TPO Debug Logger activated. 2025-12-19 21:59:01
[19-Dec-2025 21:59:01 UTC] TPO Debug Logger activated. 2025-12-19 21:59:01
[19-Dec-2025 21:59:02 UTC] TPO Debug Logger activated. 2025-12-19 21:59:02
[19-Dec-2025 21:59:43 UTC] TPO Debug Logger activated. 2025-12-19 21:59:43
[19-Dec-2025 21:59:45 UTC] TPO Debug Logger activated. 2025-12-19 21:59:45
[19-Dec-2025 21:59:45 UTC] TPO Debug Logger activated. 2025-12-19 21:59:45
[19-Dec-2025 21:59:46 UTC] TPO Debug Logger activated. 2025-12-19 21:59:46
[19-Dec-2025 21:59:46 UTC] TPO Debug Logger activated. 2025-12-19 21:59:46
[19-Dec-2025 21:59:59 UTC] TPO Debug Logger activated. 2025-12-19 21:59:59
[19-Dec-2025 22:00:20 UTC] TPO Debug Logger activated. 2025-12-19 22:00:20
[19-Dec-2025 22:00:21 UTC] TPO Debug Logger activated. 2025-12-19 22:00:21
[19-Dec-2025 22:00:22 UTC] TPO Debug Logger activated. 2025-12-19 22:00:22
[19-Dec-2025 22:01:02 UTC] TPO Debug Logger activated. 2025-12-19 22:01:02
[19-Dec-2025 22:01:02 UTC] TPO Debug Logger activated. 2025-12-19 22:01:02
[19-Dec-2025 22:01:03 UTC] TPO Debug Logger activated. 2025-12-19 22:01:03
[19-Dec-2025 22:03:03 UTC] TPO Debug Logger activated. 2025-12-19 22:03:03
[19-Dec-2025 22:03:03 UTC] TPO Debug Logger activated. 2025-12-19 22:03:03
[19-Dec-2025 22:03:04 UTC] TPO Debug Logger activated. 2025-12-19 22:03:04
[19-Dec-2025 22:05:04 UTC] TPO Debug Logger activated. 2025-12-19 22:05:04
[19-Dec-2025 22:05:04 UTC] TPO Debug Logger activated. 2025-12-19 22:05:04
[19-Dec-2025 22:05:05 UTC] TPO Debug Logger activated. 2025-12-19 22:05:05
[19-Dec-2025 22:06:19 UTC] TPO Debug Logger activated. 2025-12-19 22:06:19
[19-Dec-2025 22:12:37 UTC] TPO Debug Logger activated. 2025-12-19 22:12:37
[19-Dec-2025 22:12:37 UTC] Cron reschedule event error for hook: action_scheduler_run_queue, Error code: invalid_schedule, Error message: Event schedule does not exist., Data: {"schedule":"every_minute","args":["WP Cron"],"interval":60}
[19-Dec-2025 22:12:42 UTC] TPO Debug Logger activated. 2025-12-19 22:12:42
[19-Dec-2025 22:12:50 UTC] TPO Debug Logger activated. 2025-12-19 22:12:50
[19-Dec-2025 22:13:06 UTC] TPO Debug Logger activated. 2025-12-19 22:13:06
[19-Dec-2025 22:13:08 UTC] TPO Debug Logger activated. 2025-12-19 22:13:08
[19-Dec-2025 22:14:11 UTC] TPO Debug Logger activated. 2025-12-19 22:14:11
[19-Dec-2025 22:14:54 UTC] TPO Debug Logger activated. 2025-12-19 22:14:54
[19-Dec-2025 22:15:02 UTC] TPO Debug Logger activated. 2025-12-19 22:15:02
[19-Dec-2025 22:15:04 UTC] TPO Debug Logger activated. 2025-12-19 22:15:04
[19-Dec-2025 22:15:09 UTC] TPO Debug Logger activated. 2025-12-19 22:15:09
[19-Dec-2025 22:17:10 UTC] TPO Debug Logger activated. 2025-12-19 22:17:10
[19-Dec-2025 22:18:09 UTC] TPO Debug Logger activated. 2025-12-19 22:18:09
[19-Dec-2025 22:18:14 UTC] TPO Debug Logger activated. 2025-12-19 22:18:14
[19-Dec-2025 22:18:17 UTC] TPO Debug Logger activated. 2025-12-19 22:18:17
[19-Dec-2025 22:18:20 UTC] TPO Debug Logger activated. 2025-12-19 22:18:20
[19-Dec-2025 22:19:21 UTC] TPO Debug Logger activated. 2025-12-19 22:19:21
[19-Dec-2025 22:19:22 UTC] TPO Debug Logger activated. 2025-12-19 22:19:22
[19-Dec-2025 22:20:13 UTC] TPO Debug Logger activated. 2025-12-19 22:20:13
[19-Dec-2025 22:20:14 UTC] TPO Debug Logger activated. 2025-12-19 22:20:14
[19-Dec-2025 22:20:20 UTC] TPO Debug Logger activated. 2025-12-19 22:20:20
[19-Dec-2025 22:20:22 UTC] TPO Debug Logger activated. 2025-12-19 22:20:22
[19-Dec-2025 22:20:23 UTC] TPO Debug Logger activated. 2025-12-19 22:20:23
[19-Dec-2025 22:20:25 UTC] TPO Debug Logger activated. 2025-12-19 22:20:25
[19-Dec-2025 22:20:25 UTC] TPO Debug Logger activated. 2025-12-19 22:20:25
[19-Dec-2025 22:20:27 UTC] TPO Debug Logger activated. 2025-12-19 22:20:27
[19-Dec-2025 22:20:28 UTC] TPO Debug Logger activated. 2025-12-19 22:20:28
[19-Dec-2025 22:20:29 UTC] TPO Debug Logger activated. 2025-12-19 22:20:29
[19-Dec-2025 22:20:30 UTC] TPO Debug Logger activated. 2025-12-19 22:20:30
[19-Dec-2025 22:20:31 UTC] TPO Debug Logger activated. 2025-12-19 22:20:31
[19-Dec-2025 22:20:32 UTC] TPO Debug Logger activated. 2025-12-19 22:20:32
[19-Dec-2025 22:20:34 UTC] TPO Debug Logger activated. 2025-12-19 22:20:34
[19-Dec-2025 22:20:35 UTC] TPO Debug Logger activated. 2025-12-19 22:20:35
[19-Dec-2025 22:20:36 UTC] TPO Debug Logger activated. 2025-12-19 22:20:36
[19-Dec-2025 22:20:37 UTC] TPO Debug Logger activated. 2025-12-19 22:20:37
[19-Dec-2025 22:20:39 UTC] TPO Debug Logger activated. 2025-12-19 22:20:39
[19-Dec-2025 22:20:42 UTC] TPO Debug Logger activated. 2025-12-19 22:20:42
[19-Dec-2025 22:20:43 UTC] TPO Debug Logger activated. 2025-12-19 22:20:43
[19-Dec-2025 22:20:45 UTC] TPO Debug Logger activated. 2025-12-19 22:20:45
[19-Dec-2025 22:20:47 UTC] TPO Debug Logger activated. 2025-12-19 22:20:47
[19-Dec-2025 22:20:48 UTC] TPO Debug Logger activated. 2025-12-19 22:20:48
[19-Dec-2025 22:20:49 UTC] TPO Debug Logger activated. 2025-12-19 22:20:49
[19-Dec-2025 22:21:06 UTC] TPO Debug Logger activated. 2025-12-19 22:21:06
[19-Dec-2025 22:22:06 UTC] TPO Debug Logger activated. 2025-12-19 22:22:06
[19-Dec-2025 22:22:08 UTC] TPO Debug Logger activated. 2025-12-19 22:22:08
[19-Dec-2025 22:22:09 UTC] TPO Debug Logger activated. 2025-12-19 22:22:09
[19-Dec-2025 22:22:10 UTC] TPO Debug Logger activated. 2025-12-19 22:22:10
[19-Dec-2025 22:22:12 UTC] TPO Debug Logger activated. 2025-12-19 22:22:12
[19-Dec-2025 22:22:13 UTC] TPO Debug Logger activated. 2025-12-19 22:22:13
[19-Dec-2025 22:22:13 UTC] TPO Debug Logger activated. 2025-12-19 22:22:13
[19-Dec-2025 22:22:14 UTC] TPO Debug Logger activated. 2025-12-19 22:22:14
[19-Dec-2025 22:22:15 UTC] TPO Debug Logger activated. 2025-12-19 22:22:15
[19-Dec-2025 22:22:16 UTC] TPO Debug Logger activated. 2025-12-19 22:22:16
[19-Dec-2025 22:22:16 UTC] TPO Debug Logger activated. 2025-12-19 22:22:16
[19-Dec-2025 22:22:17 UTC] TPO Debug Logger activated. 2025-12-19 22:22:17
[19-Dec-2025 22:22:18 UTC] TPO Debug Logger activated. 2025-12-19 22:22:18
[19-Dec-2025 22:22:19 UTC] TPO Debug Logger activated. 2025-12-19 22:22:19
[19-Dec-2025 22:22:20 UTC] TPO Debug Logger activated. 2025-12-19 22:22:20
[19-Dec-2025 22:22:21 UTC] TPO Debug Logger activated. 2025-12-19 22:22:21
[19-Dec-2025 22:22:22 UTC] TPO Debug Logger activated. 2025-12-19 22:22:22
[19-Dec-2025 22:22:22 UTC] TPO Debug Logger activated. 2025-12-19 22:22:22
[19-Dec-2025 22:22:23 UTC] TPO Debug Logger activated. 2025-12-19 22:22:23
[19-Dec-2025 22:22:24 UTC] TPO Debug Logger activated. 2025-12-19 22:22:24
[19-Dec-2025 22:22:25 UTC] TPO Debug Logger activated. 2025-12-19 22:22:25
[19-Dec-2025 22:22:26 UTC] TPO Debug Logger activated. 2025-12-19 22:22:26
[19-Dec-2025 22:22:27 UTC] TPO Debug Logger activated. 2025-12-19 22:22:27
[19-Dec-2025 22:22:33 UTC] TPO Debug Logger activated. 2025-12-19 22:22:33
[19-Dec-2025 22:22:37 UTC] TPO Debug Logger activated. 2025-12-19 22:22:37
[19-Dec-2025 22:22:38 UTC] TPO Debug Logger activated. 2025-12-19 22:22:38
[19-Dec-2025 22:23:04 UTC] TPO Debug Logger activated. 2025-12-19 22:23:04
[19-Dec-2025 22:24:02 UTC] TPO Debug Logger activated. 2025-12-19 22:24:02
[19-Dec-2025 22:24:07 UTC] TPO Debug Logger activated. 2025-12-19 22:24:07
[19-Dec-2025 22:24:56 UTC] TPO Debug Logger activated. 2025-12-19 22:24:56
[19-Dec-2025 22:25:02 UTC] TPO Debug Logger activated. 2025-12-19 22:25:02
[19-Dec-2025 22:25:03 UTC] TPO Debug Logger activated. 2025-12-19 22:25:03
[19-Dec-2025 22:25:06 UTC] TPO Debug Logger activated. 2025-12-19 22:25:06
[19-Dec-2025 22:25:21 UTC] TPO Debug Logger activated. 2025-12-19 22:25:21
[19-Dec-2025 22:25:25 UTC] TPO Debug Logger activated. 2025-12-19 22:25:25
[19-Dec-2025 22:25:26 UTC] TPO Debug Logger activated. 2025-12-19 22:25:26
[19-Dec-2025 22:25:27 UTC] TPO Debug Logger activated. 2025-12-19 22:25:27
[19-Dec-2025 22:25:27 UTC] TPO Debug Logger activated. 2025-12-19 22:25:27
[19-Dec-2025 22:25:28 UTC] TPO Debug Logger activated. 2025-12-19 22:25:28
[19-Dec-2025 22:25:29 UTC] TPO Debug Logger activated. 2025-12-19 22:25:29
[19-Dec-2025 22:25:29 UTC] TPO Debug Logger activated. 2025-12-19 22:25:29
[19-Dec-2025 22:25:30 UTC] TPO Debug Logger activated. 2025-12-19 22:25:30
[19-Dec-2025 22:25:30 UTC] TPO Debug Logger activated. 2025-12-19 22:25:30
[19-Dec-2025 22:25:31 UTC] TPO Debug Logger activated. 2025-12-19 22:25:31
[19-Dec-2025 22:25:32 UTC] TPO Debug Logger activated. 2025-12-19 22:25:32
[19-Dec-2025 22:25:32 UTC] TPO Debug Logger activated. 2025-12-19 22:25:32
[19-Dec-2025 22:25:33 UTC] TPO Debug Logger activated. 2025-12-19 22:25:33
[19-Dec-2025 22:25:34 UTC] TPO Debug Logger activated. 2025-12-19 22:25:34
[19-Dec-2025 22:25:34 UTC] TPO Debug Logger activated. 2025-12-19 22:25:34
[19-Dec-2025 22:25:36 UTC] TPO Debug Logger activated. 2025-12-19 22:25:36
[19-Dec-2025 22:25:38 UTC] TPO Debug Logger activated. 2025-12-19 22:25:38
[19-Dec-2025 22:25:40 UTC] TPO Debug Logger activated. 2025-12-19 22:25:40
[19-Dec-2025 22:25:40 UTC] TPO Debug Logger activated. 2025-12-19 22:25:40
[19-Dec-2025 22:25:42 UTC] TPO Debug Logger activated. 2025-12-19 22:25:42
[19-Dec-2025 22:25:43 UTC] TPO Debug Logger activated. 2025-12-19 22:25:43
[19-Dec-2025 22:25:45 UTC] TPO Debug Logger activated. 2025-12-19 22:25:45
[19-Dec-2025 22:25:47 UTC] TPO Debug Logger activated. 2025-12-19 22:25:47
[19-Dec-2025 22:25:48 UTC] TPO Debug Logger activated. 2025-12-19 22:25:48
[19-Dec-2025 22:25:51 UTC] TPO Debug Logger activated. 2025-12-19 22:25:51
[19-Dec-2025 22:25:52 UTC] TPO Debug Logger activated. 2025-12-19 22:25:52
[19-Dec-2025 22:25:54 UTC] TPO Debug Logger activated. 2025-12-19 22:25:54
[19-Dec-2025 22:25:56 UTC] TPO Debug Logger activated. 2025-12-19 22:25:56
[19-Dec-2025 22:25:58 UTC] TPO Debug Logger activated. 2025-12-19 22:25:58
[19-Dec-2025 22:26:01 UTC] TPO Debug Logger activated. 2025-12-19 22:26:01
[19-Dec-2025 22:26:01 UTC] TPO Debug Logger activated. 2025-12-19 22:26:01
[19-Dec-2025 22:26:02 UTC] TPO Debug Logger activated. 2025-12-19 22:26:02
[19-Dec-2025 22:26:03 UTC] TPO Debug Logger activated. 2025-12-19 22:26:03
[19-Dec-2025 22:26:05 UTC] TPO Debug Logger activated. 2025-12-19 22:26:05
[19-Dec-2025 22:26:06 UTC] TPO Debug Logger activated. 2025-12-19 22:26:06
[19-Dec-2025 22:26:07 UTC] TPO Debug Logger activated. 2025-12-19 22:26:07
[19-Dec-2025 22:26:07 UTC] TPO Debug Logger activated. 2025-12-19 22:26:07
[19-Dec-2025 22:26:08 UTC] TPO Debug Logger activated. 2025-12-19 22:26:08
[19-Dec-2025 22:26:09 UTC] TPO Debug Logger activated. 2025-12-19 22:26:09
[19-Dec-2025 22:26:10 UTC] TPO Debug Logger activated. 2025-12-19 22:26:10
[19-Dec-2025 22:26:12 UTC] TPO Debug Logger activated. 2025-12-19 22:26:12
[19-Dec-2025 22:26:13 UTC] TPO Debug Logger activated. 2025-12-19 22:26:13
[19-Dec-2025 22:26:15 UTC] TPO Debug Logger activated. 2025-12-19 22:26:15
[19-Dec-2025 22:26:17 UTC] TPO Debug Logger activated. 2025-12-19 22:26:17
[19-Dec-2025 22:26:19 UTC] TPO Debug Logger activated. 2025-12-19 22:26:19
[19-Dec-2025 22:26:20 UTC] TPO Debug Logger activated. 2025-12-19 22:26:20
[19-Dec-2025 22:26:21 UTC] TPO Debug Logger activated. 2025-12-19 22:26:21
[19-Dec-2025 22:26:23 UTC] TPO Debug Logger activated. 2025-12-19 22:26:23
[19-Dec-2025 22:26:26 UTC] TPO Debug Logger activated. 2025-12-19 22:26:26
[19-Dec-2025 22:26:27 UTC] TPO Debug Logger activated. 2025-12-19 22:26:27
[19-Dec-2025 22:26:29 UTC] TPO Debug Logger activated. 2025-12-19 22:26:29
[19-Dec-2025 22:26:30 UTC] TPO Debug Logger activated. 2025-12-19 22:26:30
[19-Dec-2025 22:26:52 UTC] TPO Debug Logger activated. 2025-12-19 22:26:52
[19-Dec-2025 22:26:53 UTC] TPO Debug Logger activated. 2025-12-19 22:26:53
[19-Dec-2025 22:26:53 UTC] TPO Debug Logger activated. 2025-12-19 22:26:53
[19-Dec-2025 22:28:00 UTC] TPO Debug Logger activated. 2025-12-19 22:28:00
[19-Dec-2025 22:28:27 UTC] TPO Debug Logger activated. 2025-12-19 22:28:27
[19-Dec-2025 22:29:29 UTC] TPO Debug Logger activated. 2025-12-19 22:29:29
[19-Dec-2025 22:29:44 UTC] TPO Debug Logger activated. 2025-12-19 22:29:44
[19-Dec-2025 22:30:08 UTC] TPO Debug Logger activated. 2025-12-19 22:30:08
[19-Dec-2025 22:31:03 UTC] TPO Debug Logger activated. 2025-12-19 22:31:03
[19-Dec-2025 22:31:05 UTC] TPO Debug Logger activated. 2025-12-19 22:31:05
[19-Dec-2025 22:31:07 UTC] TPO Debug Logger activated. 2025-12-19 22:31:07
[19-Dec-2025 22:31:49 UTC] TPO Debug Logger activated. 2025-12-19 22:31:49
[19-Dec-2025 22:32:44 UTC] TPO Debug Logger activated. 2025-12-19 22:32:44
[19-Dec-2025 22:34:23 UTC] TPO Debug Logger activated. 2025-12-19 22:34:23
[19-Dec-2025 22:36:19 UTC] TPO Debug Logger activated. 2025-12-19 22:36:19
[19-Dec-2025 22:38:23 UTC] TPO Debug Logger activated. 2025-12-19 22:38:23
[19-Dec-2025 22:38:42 UTC] TPO Debug Logger activated. 2025-12-19 22:38:42
[19-Dec-2025 22:38:43 UTC] TPO Debug Logger activated. 2025-12-19 22:38:43
[19-Dec-2025 22:38:44 UTC] TPO Debug Logger activated. 2025-12-19 22:38:44
[19-Dec-2025 22:42:20 UTC] TPO Debug Logger activated. 2025-12-19 22:42:20
[19-Dec-2025 22:44:18 UTC] TPO Debug Logger activated. 2025-12-19 22:44:18
[19-Dec-2025 22:44:18 UTC] TPO Debug Logger activated. 2025-12-19 22:44:18
[19-Dec-2025 22:44:18 UTC] TPO Debug Logger activated. 2025-12-19 22:44:18
[19-Dec-2025 22:44:19 UTC] TPO Debug Logger activated. 2025-12-19 22:44:19
[19-Dec-2025 22:44:19 UTC] TPO Debug Logger activated. 2025-12-19 22:44:19
[19-Dec-2025 22:44:19 UTC] TPO Debug Logger activated. 2025-12-19 22:44:19
[19-Dec-2025 22:44:19 UTC] TPO Debug Logger activated. 2025-12-19 22:44:19
[19-Dec-2025 22:44:19 UTC] TPO Debug Logger activated. 2025-12-19 22:44:19
[19-Dec-2025 22:44:54 UTC] TPO Debug Logger activated. 2025-12-19 22:44:54
[19-Dec-2025 22:45:14 UTC] TPO Debug Logger activated. 2025-12-19 22:45:14
[19-Dec-2025 22:46:07 UTC] TPO Debug Logger activated. 2025-12-19 22:46:07
[19-Dec-2025 22:46:46 UTC] TPO Debug Logger activated. 2025-12-19 22:46:46
[19-Dec-2025 22:47:53 UTC] TPO Debug Logger activated. 2025-12-19 22:47:53
[19-Dec-2025 22:47:53 UTC] TPO Debug Logger activated. 2025-12-19 22:47:53
[19-Dec-2025 22:47:53 UTC] TPO Debug Logger activated. 2025-12-19 22:47:53
[19-Dec-2025 22:48:19 UTC] TPO Debug Logger activated. 2025-12-19 22:48:19
[19-Dec-2025 22:51:02 UTC] TPO Debug Logger activated. 2025-12-19 22:51:02
[19-Dec-2025 22:51:02 UTC] TPO Debug Logger activated. 2025-12-19 22:51:02
[19-Dec-2025 22:52:46 UTC] TPO Debug Logger activated. 2025-12-19 22:52:46
[19-Dec-2025 22:52:51 UTC] TPO Debug Logger activated. 2025-12-19 22:52:51
[19-Dec-2025 22:53:25 UTC] TPO Debug Logger activated. 2025-12-19 22:53:25
[19-Dec-2025 22:53:46 UTC] TPO Debug Logger activated. 2025-12-19 22:53:46
[19-Dec-2025 22:53:46 UTC] TPO Debug Logger activated. 2025-12-19 22:53:46
[19-Dec-2025 22:55:22 UTC] TPO Debug Logger activated. 2025-12-19 22:55:22
[19-Dec-2025 22:57:52 UTC] TPO Debug Logger activated. 2025-12-19 22:57:52
[19-Dec-2025 22:57:53 UTC] TPO Debug Logger activated. 2025-12-19 22:57:53
[19-Dec-2025 22:57:53 UTC] TPO Debug Logger activated. 2025-12-19 22:57:53
[19-Dec-2025 22:58:03 UTC] TPO Debug Logger activated. 2025-12-19 22:58:03
[19-Dec-2025 22:58:06 UTC] TPO Debug Logger activated. 2025-12-19 22:58:06
[19-Dec-2025 22:59:28 UTC] TPO Debug Logger activated. 2025-12-19 22:59:28
[19-Dec-2025 22:59:36 UTC] TPO Debug Logger activated. 2025-12-19 22:59:36
[19-Dec-2025 22:59:36 UTC] TPO Debug Logger activated. 2025-12-19 22:59:36
[19-Dec-2025 23:00:18 UTC] TPO Debug Logger activated. 2025-12-19 23:00:18
[19-Dec-2025 23:02:18 UTC] TPO Debug Logger activated. 2025-12-19 23:02:18
[19-Dec-2025 23:02:18 UTC] TPO Debug Logger activated. 2025-12-19 23:02:18
[19-Dec-2025 23:02:20 UTC] TPO Debug Logger activated. 2025-12-19 23:02:20
[19-Dec-2025 23:03:02 UTC] TPO Debug Logger activated. 2025-12-19 23:03:02
[19-Dec-2025 23:03:04 UTC] TPO Debug Logger activated. 2025-12-19 23:03:04
[19-Dec-2025 23:03:05 UTC] TPO Debug Logger activated. 2025-12-19 23:03:05
[19-Dec-2025 23:03:07 UTC] TPO Debug Logger activated. 2025-12-19 23:03:07
[19-Dec-2025 23:03:46 UTC] TPO Debug Logger activated. 2025-12-19 23:03:46
[19-Dec-2025 23:04:01 UTC] TPO Debug Logger activated. 2025-12-19 23:04:01
[19-Dec-2025 23:04:02 UTC] TPO Debug Logger activated. 2025-12-19 23:04:02
[19-Dec-2025 23:04:18 UTC] TPO Debug Logger activated. 2025-12-19 23:04:18
[19-Dec-2025 23:04:26 UTC] TPO Debug Logger activated. 2025-12-19 23:04:26
[19-Dec-2025 23:04:41 UTC] TPO Debug Logger activated. 2025-12-19 23:04:41
[19-Dec-2025 23:05:03 UTC] TPO Debug Logger activated. 2025-12-19 23:05:03
[19-Dec-2025 23:05:07 UTC] TPO Debug Logger activated. 2025-12-19 23:05:07
[19-Dec-2025 23:06:28 UTC] TPO Debug Logger activated. 2025-12-19 23:06:28
[19-Dec-2025 23:06:30 UTC] TPO Debug Logger activated. 2025-12-19 23:06:30
